# JRE version: OpenJDK Runtime Environment Microsoft-10800295 (17.0.14+7) (build 17.0.14+7-LTS)
# Java VM: OpenJDK 64-Bit Server VM Microsoft-10800295 (17.0.14+7-LTS, mixed mode, sharing, tiered, compressed oops, compressed class ptrs, g1 gc, windows-amd64)
GC Precious Log:
 CPUs: 12 total, 12 available
 Memory: 16106M
 Large Page Support: Disabled
 NUMA Support: Disabled
 Compressed Oops: Enabled (32-bit)
 Heap Region Size: 1M
 Heap Min Capacity: 8M
 Heap Initial Capacity: 252M
 Heap Max Capacity: 2G
 Pre-touch: Disabled
 Parallel Workers: 10
 Concurrent Workers: 3
 Concurrent Refinement Workers: 10
 Periodic GC: Disabled
Heap:
 garbage-first heap   total 216064K, used 119756K [0x0000000080000000, 0x0000000100000000)
  region size 1024K, 75 young (76800K), 14 survivors (14336K)
 Metaspace       used 52407K, committed 52992K, reserved 491520K
  class space    used 7183K, committed 7424K, reserved 425984K
GC Heap History (20 events):
Event: 2.869 GC heap before
{Heap before GC invocations=3 (full 0):
 garbage-first heap   total 258048K, used 118750K [0x0000000080000000, 0x0000000100000000)
  region size 1024K, 108 young (110592K), 7 survivors (7168K)
 Metaspace       used 21149K, committed 21504K, reserved 491520K
  class space    used 3093K, committed 3264K, reserved 425984K
}
Event: 2.877 GC heap after
{Heap after GC invocations=4 (full 0):
 garbage-first heap   total 258048K, used 23669K [0x0000000080000000, 0x0000000100000000)
  region size 1024K, 15 young (15360K), 15 survivors (15360K)
 Metaspace       used 21149K, committed 21504K, reserved 491520K
  class space    used 3093K, committed 3264K, reserved 425984K
}
Event: 3.736 GC heap before
{Heap before GC invocations=5 (full 0):
 garbage-first heap   total 86016K, used 84085K [0x0000000080000000, 0x0000000100000000)
  region size 1024K, 75 young (76800K), 15 survivors (15360K)
 Metaspace       used 29134K, committed 29568K, reserved 491520K
  class space    used 4199K, committed 4416K, reserved 425984K
}
Event: 3.743 GC heap after
{Heap after GC invocations=6 (full 0):
 garbage-first heap   total 105472K, used 28164K [0x0000000080000000, 0x0000000100000000)
  region size 1024K, 12 young (12288K), 12 survivors (12288K)
 Metaspace       used 29134K, committed 29568K, reserved 491520K
  class space    used 4199K, committed 4416K, reserved 425984K
}
Event: 4.112 GC heap before
{Heap before GC invocations=6 (full 0):
 garbage-first heap   total 105472K, used 76292K [0x0000000080000000, 0x0000000100000000)
  region size 1024K, 60 young (61440K), 12 survivors (12288K)
 Metaspace       used 32655K, committed 33088K, reserved 491520K
  class space    used 4722K, committed 4928K, reserved 425984K
}
Event: 4.118 GC heap after
{Heap after GC invocations=7 (full 0):
 garbage-first heap   total 105472K, used 31463K [0x0000000080000000, 0x0000000100000000)
  region size 1024K, 8 young (8192K), 8 survivors (8192K)
 Metaspace       used 32655K, committed 33088K, reserved 491520K
  class space    used 4722K, committed 4928K, reserved 425984K
}
Event: 4.452 GC heap before
{Heap before GC invocations=7 (full 0):
 garbage-first heap   total 105472K, used 60135K [0x0000000080000000, 0x0000000100000000)
  region size 1024K, 37 young (37888K), 8 survivors (8192K)
 Metaspace       used 35655K, committed 36096K, reserved 491520K
  class space    used 5095K, committed 5312K, reserved 425984K
}
Event: 4.455 GC heap after
{Heap after GC invocations=8 (full 0):
 garbage-first heap   total 105472K, used 33509K [0x0000000080000000, 0x0000000100000000)
  region size 1024K, 6 young (6144K), 6 survivors (6144K)
 Metaspace       used 35655K, committed 36096K, reserved 491520K
  class space    used 5095K, committed 5312K, reserved 425984K
}
Event: 5.025 GC heap before
{Heap before GC invocations=9 (full 0):
 garbage-first heap   total 105472K, used 84709K [0x0000000080000000, 0x0000000100000000)
  region size 1024K, 51 young (52224K), 6 survivors (6144K)
 Metaspace       used 41775K, committed 42240K, reserved 491520K
  class space    used 5768K, committed 6016K, reserved 425984K
}
Event: 5.029 GC heap after
{Heap after GC invocations=10 (full 0):
 garbage-first heap   total 105472K, used 38054K [0x0000000080000000, 0x0000000100000000)
  region size 1024K, 7 young (7168K), 7 survivors (7168K)
 Metaspace       used 41775K, committed 42240K, reserved 491520K
  class space    used 5768K, committed 6016K, reserved 425984K
}
Event: 5.032 GC heap before
{Heap before GC invocations=10 (full 0):
 garbage-first heap   total 105472K, used 39078K [0x0000000080000000, 0x0000000100000000)
  region size 1024K, 8 young (8192K), 7 survivors (7168K)
 Metaspace       used 41775K, committed 42240K, reserved 491520K
  class space    used 5768K, committed 6016K, reserved 425984K
}
Event: 5.035 GC heap after
{Heap after GC invocations=11 (full 0):
 garbage-first heap   total 105472K, used 38652K [0x0000000080000000, 0x0000000100000000)
  region size 1024K, 1 young (1024K), 1 survivors (1024K)
 Metaspace       used 41775K, committed 42240K, reserved 491520K
  class space    used 5768K, committed 6016K, reserved 425984K
}
Event: 5.112 GC heap before
{Heap before GC invocations=11 (full 0):
 garbage-first heap   total 105472K, used 81660K [0x0000000080000000, 0x0000000100000000)
  region size 1024K, 43 young (44032K), 1 survivors (1024K)
 Metaspace       used 41802K, committed 42304K, reserved 491520K
  class space    used 5768K, committed 6016K, reserved 425984K
}
Event: 5.114 GC heap after
{Heap after GC invocations=12 (full 0):
 garbage-first heap   total 105472K, used 41721K [0x0000000080000000, 0x0000000100000000)
  region size 1024K, 4 young (4096K), 4 survivors (4096K)
 Metaspace       used 41802K, committed 42304K, reserved 491520K
  class space    used 5768K, committed 6016K, reserved 425984K
}
Event: 5.190 GC heap before
{Heap before GC invocations=12 (full 0):
 garbage-first heap   total 105472K, used 81657K [0x0000000080000000, 0x0000000100000000)
  region size 1024K, 43 young (44032K), 4 survivors (4096K)
 Metaspace       used 41804K, committed 42304K, reserved 491520K
  class space    used 5768K, committed 6016K, reserved 425984K
}
Event: 5.194 GC heap after
{Heap after GC invocations=13 (full 0):
 garbage-first heap   total 216064K, used 43235K [0x0000000080000000, 0x0000000100000000)
  region size 1024K, 2 young (2048K), 2 survivors (2048K)
 Metaspace       used 41804K, committed 42304K, reserved 491520K
  class space    used 5768K, committed 6016K, reserved 425984K
}
Event: 5.721 GC heap before
{Heap before GC invocations=13 (full 0):
 garbage-first heap   total 216064K, used 168163K [0x0000000080000000, 0x0000000100000000)
  region size 1024K, 124 young (126976K), 2 survivors (2048K)
 Metaspace       used 42508K, committed 43008K, reserved 491520K
  class space    used 5814K, committed 6080K, reserved 425984K
}
Event: 5.728 GC heap after
{Heap after GC invocations=14 (full 0):
 garbage-first heap   total 216064K, used 51164K [0x0000000080000000, 0x0000000100000000)
  region size 1024K, 10 young (10240K), 10 survivors (10240K)
 Metaspace       used 42508K, committed 43008K, reserved 491520K
  class space    used 5814K, committed 6080K, reserved 425984K
}
Event: 6.960 GC heap before
{Heap before GC invocations=14 (full 0):
 garbage-first heap   total 216064K, used 170972K [0x0000000080000000, 0x0000000100000000)
  region size 1024K, 124 young (126976K), 10 survivors (10240K)
 Metaspace       used 48593K, committed 49216K, reserved 491520K
  class space    used 6579K, committed 6848K, reserved 425984K
}
Event: 6.968 GC heap after
{Heap after GC invocations=15 (full 0):
 garbage-first heap   total 216064K, used 58316K [0x0000000080000000, 0x0000000100000000)
  region size 1024K, 14 young (14336K), 14 survivors (14336K)
 Metaspace       used 48593K, committed 49216K, reserved 491520K
  class space    used 6579K, committed 6848K, reserved 425984K
}

