# JRE version: OpenJDK Runtime Environment Temurin-21.0.10+7 (21.0.10+7) (build 21.0.10+7-LTS)
# Java VM: OpenJDK 64-Bit Server VM Temurin-21.0.10+7 (21.0.10+7-LTS, mixed mode, sharing, tiered, compressed oops, compressed class ptrs, parallel gc, windows-amd64)
GC Precious Log:
 CardTable entry size: 512
 CPUs: 12 total, 12 available
 Memory: 16106M
 Large Page Support: Disabled
 NUMA Support: Disabled
 Compressed Oops: Enabled (32-bit)
 Alignments: Space 512K, Generation 512K, Heap 2M
 Heap Min Capacity: 100M
 Heap Initial Capacity: 100M
 Heap Max Capacity: 2G
 Pre-touch: Disabled
 Parallel Workers: 10
Heap:
 PSYoungGen      total 18944K, used 2837K [0x00000000d5580000, 0x00000000d6a80000, 0x0000000100000000)
  eden space 17408K, 7% used [0x00000000d5580000,0x00000000d56cb0e8,0x00000000d6680000)
  from space 1536K, 98% used [0x00000000d6780000,0x00000000d68fa570,0x00000000d6900000)
  to   space 1536K, 0% used [0x00000000d6900000,0x00000000d6900000,0x00000000d6a80000)
 ParOldGen       total 68608K, used 46513K [0x0000000080000000, 0x0000000084300000, 0x00000000d5580000)
  object space 68608K, 67% used [0x0000000080000000,0x0000000082d6c6a0,0x0000000084300000)
 Metaspace       used 47722K, committed 48960K, reserved 1114112K
  class space    used 5123K, committed 5632K, reserved 1048576K
GC Heap History (20 events):
Event: 3.790 GC heap before
{Heap before GC invocations=27 (full 2):
 PSYoungGen      total 19968K, used 19776K [0x00000000d5580000, 0x00000000d6a00000, 0x0000000100000000)
  eden space 18944K, 100% used [0x00000000d5580000,0x00000000d6800000,0x00000000d6800000)
  from space 1024K, 81% used [0x00000000d6900000,0x00000000d69d0000,0x00000000d6a00000)
  to   space 1024K, 0% used [0x00000000d6800000,0x00000000d6800000,0x00000000d6900000)
 ParOldGen       total 68608K, used 29294K [0x0000000080000000, 0x0000000084300000, 0x00000000d5580000)
  object space 68608K, 42% used [0x0000000080000000,0x0000000081c9b920,0x0000000084300000)
 Metaspace       used 44421K, committed 45632K, reserved 1114112K
  class space    used 4779K, committed 5312K, reserved 1048576K
}
Event: 3.792 GC heap after
{Heap after GC invocations=27 (full 2):
 PSYoungGen      total 19968K, used 1024K [0x00000000d5580000, 0x00000000d6d00000, 0x0000000100000000)
  eden space 18944K, 0% used [0x00000000d5580000,0x00000000d5580000,0x00000000d6800000)
  from space 1024K, 100% used [0x00000000d6800000,0x00000000d6900000,0x00000000d6900000)
  to   space 2560K, 0% used [0x00000000d6a80000,0x00000000d6a80000,0x00000000d6d00000)
 ParOldGen       total 68608K, used 30465K [0x0000000080000000, 0x0000000084300000, 0x00000000d5580000)
  object space 68608K, 44% used [0x0000000080000000,0x0000000081dc06d8,0x0000000084300000)
 Metaspace       used 44421K, committed 45632K, reserved 1114112K
  class space    used 4779K, committed 5312K, reserved 1048576K
}
Event: 3.877 GC heap before
{Heap before GC invocations=28 (full 2):
 PSYoungGen      total 19968K, used 19968K [0x00000000d5580000, 0x00000000d6d00000, 0x0000000100000000)
  eden space 18944K, 100% used [0x00000000d5580000,0x00000000d6800000,0x00000000d6800000)
  from space 1024K, 100% used [0x00000000d6800000,0x00000000d6900000,0x00000000d6900000)
  to   space 2560K, 0% used [0x00000000d6a80000,0x00000000d6a80000,0x00000000d6d00000)
 ParOldGen       total 68608K, used 30465K [0x0000000080000000, 0x0000000084300000, 0x00000000d5580000)
  object space 68608K, 44% used [0x0000000080000000,0x0000000081dc06d8,0x0000000084300000)
 Metaspace       used 45461K, committed 46656K, reserved 1114112K
  class space    used 4899K, committed 5440K, reserved 1048576K
}
Event: 3.879 GC heap after
{Heap after GC invocations=28 (full 2):
 PSYoungGen      total 20992K, used 1824K [0x00000000d5580000, 0x00000000d6c80000, 0x0000000100000000)
  eden space 18944K, 0% used [0x00000000d5580000,0x00000000d5580000,0x00000000d6800000)
  from space 2048K, 89% used [0x00000000d6a80000,0x00000000d6c48030,0x00000000d6c80000)
  to   space 2048K, 0% used [0x00000000d6880000,0x00000000d6880000,0x00000000d6a80000)
 ParOldGen       total 68608K, used 31471K [0x0000000080000000, 0x0000000084300000, 0x00000000d5580000)
  object space 68608K, 45% used [0x0000000080000000,0x0000000081ebbe40,0x0000000084300000)
 Metaspace       used 45461K, committed 46656K, reserved 1114112K
  class space    used 4899K, committed 5440K, reserved 1048576K
}
Event: 3.932 GC heap before
{Heap before GC invocations=29 (full 2):
 PSYoungGen      total 20992K, used 20768K [0x00000000d5580000, 0x00000000d6c80000, 0x0000000100000000)
  eden space 18944K, 100% used [0x00000000d5580000,0x00000000d6800000,0x00000000d6800000)
  from space 2048K, 89% used [0x00000000d6a80000,0x00000000d6c48030,0x00000000d6c80000)
  to   space 2048K, 0% used [0x00000000d6880000,0x00000000d6880000,0x00000000d6a80000)
 ParOldGen       total 68608K, used 31471K [0x0000000080000000, 0x0000000084300000, 0x00000000d5580000)
  object space 68608K, 45% used [0x0000000080000000,0x0000000081ebbe40,0x0000000084300000)
 Metaspace       used 45929K, committed 47040K, reserved 1114112K
  class space    used 4954K, committed 5440K, reserved 1048576K
}
Event: 3.934 GC heap after
{Heap after GC invocations=29 (full 2):
 PSYoungGen      total 20992K, used 2022K [0x00000000d5580000, 0x00000000d7100000, 0x0000000100000000)
  eden space 18944K, 0% used [0x00000000d5580000,0x00000000d5580000,0x00000000d6800000)
  from space 2048K, 98% used [0x00000000d6880000,0x00000000d6a79968,0x00000000d6a80000)
  to   space 4608K, 0% used [0x00000000d6c80000,0x00000000d6c80000,0x00000000d7100000)
 ParOldGen       total 68608K, used 33223K [0x0000000080000000, 0x0000000084300000, 0x00000000d5580000)
  object space 68608K, 48% used [0x0000000080000000,0x0000000082071e70,0x0000000084300000)
 Metaspace       used 45929K, committed 47040K, reserved 1114112K
  class space    used 4954K, committed 5440K, reserved 1048576K
}
Event: 3.985 GC heap before
{Heap before GC invocations=30 (full 2):
 PSYoungGen      total 20992K, used 20966K [0x00000000d5580000, 0x00000000d7100000, 0x0000000100000000)
  eden space 18944K, 100% used [0x00000000d5580000,0x00000000d6800000,0x00000000d6800000)
  from space 2048K, 98% used [0x00000000d6880000,0x00000000d6a79968,0x00000000d6a80000)
  to   space 4608K, 0% used [0x00000000d6c80000,0x00000000d6c80000,0x00000000d7100000)
 ParOldGen       total 68608K, used 33223K [0x0000000080000000, 0x0000000084300000, 0x00000000d5580000)
  object space 68608K, 48% used [0x0000000080000000,0x0000000082071e70,0x0000000084300000)
 Metaspace       used 46769K, committed 47936K, reserved 1114112K
  class space    used 5062K, committed 5568K, reserved 1048576K
}
Event: 3.987 GC heap after
{Heap after GC invocations=30 (full 2):
 PSYoungGen      total 20992K, used 1883K [0x00000000d5580000, 0x00000000d6e80000, 0x0000000100000000)
  eden space 18944K, 0% used [0x00000000d5580000,0x00000000d5580000,0x00000000d6800000)
  from space 2048K, 91% used [0x00000000d6c80000,0x00000000d6e56eb8,0x00000000d6e80000)
  to   space 3072K, 0% used [0x00000000d6880000,0x00000000d6880000,0x00000000d6b80000)
 ParOldGen       total 68608K, used 35154K [0x0000000080000000, 0x0000000084300000, 0x00000000d5580000)
  object space 68608K, 51% used [0x0000000080000000,0x0000000082254930,0x0000000084300000)
 Metaspace       used 46769K, committed 47936K, reserved 1114112K
  class space    used 5062K, committed 5568K, reserved 1048576K
}
Event: 4.016 GC heap before
{Heap before GC invocations=31 (full 2):
 PSYoungGen      total 20992K, used 20827K [0x00000000d5580000, 0x00000000d6e80000, 0x0000000100000000)
  eden space 18944K, 100% used [0x00000000d5580000,0x00000000d6800000,0x00000000d6800000)
  from space 2048K, 91% used [0x00000000d6c80000,0x00000000d6e56eb8,0x00000000d6e80000)
  to   space 3072K, 0% used [0x00000000d6880000,0x00000000d6880000,0x00000000d6b80000)
 ParOldGen       total 68608K, used 35154K [0x0000000080000000, 0x0000000084300000, 0x00000000d5580000)
  object space 68608K, 51% used [0x0000000080000000,0x0000000082254930,0x0000000084300000)
 Metaspace       used 46777K, committed 47936K, reserved 1114112K
  class space    used 5062K, committed 5568K, reserved 1048576K
}
Event: 4.018 GC heap after
{Heap after GC invocations=31 (full 2):
 PSYoungGen      total 21504K, used 2210K [0x00000000d5580000, 0x00000000d6d00000, 0x0000000100000000)
  eden space 18944K, 0% used [0x00000000d5580000,0x00000000d5580000,0x00000000d6800000)
  from space 2560K, 86% used [0x00000000d6880000,0x00000000d6aa8800,0x00000000d6b00000)
  to   space 2048K, 0% used [0x00000000d6b00000,0x00000000d6b00000,0x00000000d6d00000)
 ParOldGen       total 68608K, used 36845K [0x0000000080000000, 0x0000000084300000, 0x00000000d5580000)
  object space 68608K, 53% used [0x0000000080000000,0x00000000823fb4c8,0x0000000084300000)
 Metaspace       used 46777K, committed 47936K, reserved 1114112K
  class space    used 5062K, committed 5568K, reserved 1048576K
}
Event: 4.046 GC heap before
{Heap before GC invocations=32 (full 2):
 PSYoungGen      total 21504K, used 21153K [0x00000000d5580000, 0x00000000d6d00000, 0x0000000100000000)
  eden space 18944K, 99% used [0x00000000d5580000,0x00000000d67fffc8,0x00000000d6800000)
  from space 2560K, 86% used [0x00000000d6880000,0x00000000d6aa8800,0x00000000d6b00000)
  to   space 2048K, 0% used [0x00000000d6b00000,0x00000000d6b00000,0x00000000d6d00000)
 ParOldGen       total 68608K, used 36845K [0x0000000080000000, 0x0000000084300000, 0x00000000d5580000)
  object space 68608K, 53% used [0x0000000080000000,0x00000000823fb4c8,0x0000000084300000)
 Metaspace       used 46789K, committed 48000K, reserved 1114112K
  class space    used 5062K, committed 5568K, reserved 1048576K
}
Event: 4.048 GC heap after
{Heap after GC invocations=32 (full 2):
 PSYoungGen      total 19456K, used 2020K [0x00000000d5580000, 0x00000000d7100000, 0x0000000100000000)
  eden space 17408K, 0% used [0x00000000d5580000,0x00000000d5580000,0x00000000d6680000)
  from space 2048K, 98% used [0x00000000d6b00000,0x00000000d6cf9000,0x00000000d6d00000)
  to   space 4608K, 0% used [0x00000000d6680000,0x00000000d6680000,0x00000000d6b00000)
 ParOldGen       total 68608K, used 38867K [0x0000000080000000, 0x0000000084300000, 0x00000000d5580000)
  object space 68608K, 56% used [0x0000000080000000,0x00000000825f4e78,0x0000000084300000)
 Metaspace       used 46789K, committed 48000K, reserved 1114112K
  class space    used 5062K, committed 5568K, reserved 1048576K
}
Event: 4.080 GC heap before
{Heap before GC invocations=33 (full 2):
 PSYoungGen      total 19456K, used 19428K [0x00000000d5580000, 0x00000000d7100000, 0x0000000100000000)
  eden space 17408K, 100% used [0x00000000d5580000,0x00000000d6680000,0x00000000d6680000)
  from space 2048K, 98% used [0x00000000d6b00000,0x00000000d6cf9000,0x00000000d6d00000)
  to   space 4608K, 0% used [0x00000000d6680000,0x00000000d6680000,0x00000000d6b00000)
 ParOldGen       total 68608K, used 38867K [0x0000000080000000, 0x0000000084300000, 0x00000000d5580000)
  object space 68608K, 56% used [0x0000000080000000,0x00000000825f4e78,0x0000000084300000)
 Metaspace       used 46812K, committed 48000K, reserved 1114112K
  class space    used 5063K, committed 5568K, reserved 1048576K
}
Event: 4.082 GC heap after
{Heap after GC invocations=33 (full 2):
 PSYoungGen      total 19968K, used 2048K [0x00000000d5580000, 0x00000000d6c80000, 0x0000000100000000)
  eden space 17408K, 0% used [0x00000000d5580000,0x00000000d5580000,0x00000000d6680000)
  from space 2560K, 80% used [0x00000000d6680000,0x00000000d6880010,0x00000000d6900000)
  to   space 3072K, 0% used [0x00000000d6980000,0x00000000d6980000,0x00000000d6c80000)
 ParOldGen       total 68608K, used 40849K [0x0000000080000000, 0x0000000084300000, 0x00000000d5580000)
  object space 68608K, 59% used [0x0000000080000000,0x00000000827e44a0,0x0000000084300000)
 Metaspace       used 46812K, committed 48000K, reserved 1114112K
  class space    used 5063K, committed 5568K, reserved 1048576K
}
Event: 4.111 GC heap before
{Heap before GC invocations=34 (full 2):
 PSYoungGen      total 19968K, used 19456K [0x00000000d5580000, 0x00000000d6c80000, 0x0000000100000000)
  eden space 17408K, 100% used [0x00000000d5580000,0x00000000d6680000,0x00000000d6680000)
  from space 2560K, 80% used [0x00000000d6680000,0x00000000d6880010,0x00000000d6900000)
  to   space 3072K, 0% used [0x00000000d6980000,0x00000000d6980000,0x00000000d6c80000)
 ParOldGen       total 68608K, used 40849K [0x0000000080000000, 0x0000000084300000, 0x00000000d5580000)
  object space 68608K, 59% used [0x0000000080000000,0x00000000827e44a0,0x0000000084300000)
 Metaspace       used 46835K, committed 48064K, reserved 1114112K
  class space    used 5063K, committed 5568K, reserved 1048576K
}
Event: 4.113 GC heap after
{Heap after GC invocations=34 (full 2):
 PSYoungGen      total 19456K, used 1816K [0x00000000d5580000, 0x00000000d6b80000, 0x0000000100000000)
  eden space 17408K, 0% used [0x00000000d5580000,0x00000000d5580000,0x00000000d6680000)
  from space 2048K, 88% used [0x00000000d6980000,0x00000000d6b46200,0x00000000d6b80000)
  to   space 2048K, 0% used [0x00000000d6780000,0x00000000d6780000,0x00000000d6980000)
 ParOldGen       total 68608K, used 42817K [0x0000000080000000, 0x0000000084300000, 0x00000000d5580000)
  object space 68608K, 62% used [0x0000000080000000,0x00000000829d04b0,0x0000000084300000)
 Metaspace       used 46835K, committed 48064K, reserved 1114112K
  class space    used 5063K, committed 5568K, reserved 1048576K
}
Event: 4.221 GC heap before
{Heap before GC invocations=35 (full 2):
 PSYoungGen      total 19456K, used 18913K [0x00000000d5580000, 0x00000000d6b80000, 0x0000000100000000)
  eden space 17408K, 98% used [0x00000000d5580000,0x00000000d66322b0,0x00000000d6680000)
  from space 2048K, 88% used [0x00000000d6980000,0x00000000d6b46200,0x00000000d6b80000)
  to   space 2048K, 0% used [0x00000000d6780000,0x00000000d6780000,0x00000000d6980000)
 ParOldGen       total 68608K, used 42817K [0x0000000080000000, 0x0000000084300000, 0x00000000d5580000)
  object space 68608K, 62% used [0x0000000080000000,0x00000000829d04b0,0x0000000084300000)
 Metaspace       used 47015K, committed 48256K, reserved 1114112K
  class space    used 5067K, committed 5568K, reserved 1048576K
}
Event: 4.223 GC heap after
{Heap after GC invocations=35 (full 2):
 PSYoungGen      total 19456K, used 1645K [0x00000000d5580000, 0x00000000d6a80000, 0x0000000100000000)
  eden space 17408K, 0% used [0x00000000d5580000,0x00000000d5580000,0x00000000d6680000)
  from space 2048K, 80% used [0x00000000d6780000,0x00000000d691b510,0x00000000d6980000)
  to   space 1024K, 0% used [0x00000000d6980000,0x00000000d6980000,0x00000000d6a80000)
 ParOldGen       total 68608K, used 44473K [0x0000000080000000, 0x0000000084300000, 0x00000000d5580000)
  object space 68608K, 64% used [0x0000000080000000,0x0000000082b6e6b0,0x0000000084300000)
 Metaspace       used 47015K, committed 48256K, reserved 1114112K
  class space    used 5067K, committed 5568K, reserved 1048576K
}
Event: 4.402 GC heap before
{Heap before GC invocations=36 (full 2):
 PSYoungGen      total 19456K, used 19053K [0x00000000d5580000, 0x00000000d6a80000, 0x0000000100000000)
  eden space 17408K, 100% used [0x00000000d5580000,0x00000000d6680000,0x00000000d6680000)
  from space 2048K, 80% used [0x00000000d6780000,0x00000000d691b510,0x00000000d6980000)
  to   space 1024K, 0% used [0x00000000d6980000,0x00000000d6980000,0x00000000d6a80000)
 ParOldGen       total 68608K, used 44473K [0x0000000080000000, 0x0000000084300000, 0x00000000d5580000)
  object space 68608K, 64% used [0x0000000080000000,0x0000000082b6e6b0,0x0000000084300000)
 Metaspace       used 47477K, committed 48704K, reserved 1114112K
  class space    used 5102K, committed 5632K, reserved 1048576K
}
Event: 4.403 GC heap after
{Heap after GC invocations=36 (full 2):
 PSYoungGen      total 18432K, used 728K [0x00000000d5580000, 0x00000000d6a80000, 0x0000000100000000)
  eden space 17408K, 0% used [0x00000000d5580000,0x00000000d5580000,0x00000000d6680000)
  from space 1024K, 71% used [0x00000000d6980000,0x00000000d6a36108,0x00000000d6a80000)
  to   space 1536K, 0% used [0x00000000d6780000,0x00000000d6780000,0x00000000d6900000)
 ParOldGen       total 68608K, used 45995K [0x0000000080000000, 0x0000000084300000, 0x00000000d5580000)
  object space 68608K, 67% used [0x0000000080000000,0x0000000082ceaf18,0x0000000084300000)
 Metaspace       used 47477K, committed 48704K, reserved 1114112K
  class space    used 5102K, committed 5632K, reserved 1048576K
}

