# JRE version: OpenJDK Runtime Environment Temurin-21.0.10+7 (21.0.10+7) (build 21.0.10+7-LTS)
# Java VM: OpenJDK 64-Bit Server VM Temurin-21.0.10+7 (21.0.10+7-LTS, mixed mode, sharing, tiered, compressed oops, compressed class ptrs, parallel gc, windows-amd64)
GC Precious Log:
 CardTable entry size: 512
 CPUs: 12 total, 12 available
 Memory: 16106M
 Large Page Support: Disabled
 NUMA Support: Disabled
 Compressed Oops: Enabled (32-bit)
 Alignments: Space 512K, Generation 512K, Heap 2M
 Heap Min Capacity: 100M
 Heap Initial Capacity: 100M
 Heap Max Capacity: 2G
 Pre-touch: Disabled
 Parallel Workers: 10
Heap:
 PSYoungGen      total 11264K, used 4082K [0x00000000d5580000, 0x00000000d6480000, 0x0000000100000000)
  eden space 10240K, 29% used [0x00000000d5580000,0x00000000d587c880,0x00000000d5f80000)
  from space 1024K, 100% used [0x00000000d6180000,0x00000000d6280000,0x00000000d6280000)
  to   space 2048K, 0% used [0x00000000d5f80000,0x00000000d5f80000,0x00000000d6180000)
 ParOldGen       total 68608K, used 46667K [0x0000000080000000, 0x0000000084300000, 0x00000000d5580000)
  object space 68608K, 68% used [0x0000000080000000,0x0000000082d92d00,0x0000000084300000)
 Metaspace       used 45416K, committed 46656K, reserved 1114112K
  class space    used 4915K, committed 5504K, reserved 1048576K
GC Heap History (20 events):
Event: 9.052 GC heap before
{Heap before GC invocations=42 (full 2):
 PSYoungGen      total 12288K, used 11808K [0x00000000d5580000, 0x00000000d6280000, 0x0000000100000000)
  eden space 11264K, 100% used [0x00000000d5580000,0x00000000d6080000,0x00000000d6080000)
  from space 1024K, 53% used [0x00000000d6080000,0x00000000d6108000,0x00000000d6180000)
  to   space 1024K, 0% used [0x00000000d6180000,0x00000000d6180000,0x00000000d6280000)
 ParOldGen       total 68608K, used 42324K [0x0000000080000000, 0x0000000084300000, 0x00000000d5580000)
  object space 68608K, 61% used [0x0000000080000000,0x0000000082955230,0x0000000084300000)
 Metaspace       used 38830K, committed 39936K, reserved 1114112K
  class space    used 4094K, committed 4544K, reserved 1048576K
}
Event: 9.052 GC heap after
{Heap after GC invocations=42 (full 2):
 PSYoungGen      total 12288K, used 608K [0x00000000d5580000, 0x00000000d6280000, 0x0000000100000000)
  eden space 11264K, 0% used [0x00000000d5580000,0x00000000d5580000,0x00000000d6080000)
  from space 1024K, 59% used [0x00000000d6180000,0x00000000d6218000,0x00000000d6280000)
  to   space 1024K, 0% used [0x00000000d6080000,0x00000000d6080000,0x00000000d6180000)
 ParOldGen       total 68608K, used 42652K [0x0000000080000000, 0x0000000084300000, 0x00000000d5580000)
  object space 68608K, 62% used [0x0000000080000000,0x00000000829a7230,0x0000000084300000)
 Metaspace       used 38830K, committed 39936K, reserved 1114112K
  class space    used 4094K, committed 4544K, reserved 1048576K
}
Event: 9.097 GC heap before
{Heap before GC invocations=43 (full 2):
 PSYoungGen      total 12288K, used 11872K [0x00000000d5580000, 0x00000000d6280000, 0x0000000100000000)
  eden space 11264K, 100% used [0x00000000d5580000,0x00000000d6080000,0x00000000d6080000)
  from space 1024K, 59% used [0x00000000d6180000,0x00000000d6218000,0x00000000d6280000)
  to   space 1024K, 0% used [0x00000000d6080000,0x00000000d6080000,0x00000000d6180000)
 ParOldGen       total 68608K, used 42652K [0x0000000080000000, 0x0000000084300000, 0x00000000d5580000)
  object space 68608K, 62% used [0x0000000080000000,0x00000000829a7230,0x0000000084300000)
 Metaspace       used 39317K, committed 40512K, reserved 1114112K
  class space    used 4155K, committed 4672K, reserved 1048576K
}
Event: 9.098 GC heap after
{Heap after GC invocations=43 (full 2):
 PSYoungGen      total 12288K, used 416K [0x00000000d5580000, 0x00000000d6200000, 0x0000000100000000)
  eden space 11264K, 0% used [0x00000000d5580000,0x00000000d5580000,0x00000000d6080000)
  from space 1024K, 40% used [0x00000000d6080000,0x00000000d60e8000,0x00000000d6180000)
  to   space 512K, 0% used [0x00000000d6180000,0x00000000d6180000,0x00000000d6200000)
 ParOldGen       total 68608K, used 43052K [0x0000000080000000, 0x0000000084300000, 0x00000000d5580000)
  object space 68608K, 62% used [0x0000000080000000,0x0000000082a0b230,0x0000000084300000)
 Metaspace       used 39317K, committed 40512K, reserved 1114112K
  class space    used 4155K, committed 4672K, reserved 1048576K
}
Event: 9.164 GC heap before
{Heap before GC invocations=44 (full 2):
 PSYoungGen      total 12288K, used 11680K [0x00000000d5580000, 0x00000000d6200000, 0x0000000100000000)
  eden space 11264K, 100% used [0x00000000d5580000,0x00000000d6080000,0x00000000d6080000)
  from space 1024K, 40% used [0x00000000d6080000,0x00000000d60e8000,0x00000000d6180000)
  to   space 512K, 0% used [0x00000000d6180000,0x00000000d6180000,0x00000000d6200000)
 ParOldGen       total 68608K, used 43052K [0x0000000080000000, 0x0000000084300000, 0x00000000d5580000)
  object space 68608K, 62% used [0x0000000080000000,0x0000000082a0b230,0x0000000084300000)
 Metaspace       used 40042K, committed 41280K, reserved 1114112K
  class space    used 4245K, committed 4800K, reserved 1048576K
}
Event: 9.165 GC heap after
{Heap after GC invocations=44 (full 2):
 PSYoungGen      total 11776K, used 448K [0x00000000d5580000, 0x00000000d6200000, 0x0000000100000000)
  eden space 11264K, 0% used [0x00000000d5580000,0x00000000d5580000,0x00000000d6080000)
  from space 512K, 87% used [0x00000000d6180000,0x00000000d61f0000,0x00000000d6200000)
  to   space 512K, 0% used [0x00000000d6100000,0x00000000d6100000,0x00000000d6180000)
 ParOldGen       total 68608K, used 43316K [0x0000000080000000, 0x0000000084300000, 0x00000000d5580000)
  object space 68608K, 63% used [0x0000000080000000,0x0000000082a4d230,0x0000000084300000)
 Metaspace       used 40042K, committed 41280K, reserved 1114112K
  class space    used 4245K, committed 4800K, reserved 1048576K
}
Event: 9.252 GC heap before
{Heap before GC invocations=45 (full 2):
 PSYoungGen      total 11776K, used 11712K [0x00000000d5580000, 0x00000000d6200000, 0x0000000100000000)
  eden space 11264K, 100% used [0x00000000d5580000,0x00000000d6080000,0x00000000d6080000)
  from space 512K, 87% used [0x00000000d6180000,0x00000000d61f0000,0x00000000d6200000)
  to   space 512K, 0% used [0x00000000d6100000,0x00000000d6100000,0x00000000d6180000)
 ParOldGen       total 68608K, used 43316K [0x0000000080000000, 0x0000000084300000, 0x00000000d5580000)
  object space 68608K, 63% used [0x0000000080000000,0x0000000082a4d230,0x0000000084300000)
 Metaspace       used 40903K, committed 42048K, reserved 1114112K
  class space    used 4344K, committed 4864K, reserved 1048576K
}
Event: 9.253 GC heap after
{Heap after GC invocations=45 (full 2):
 PSYoungGen      total 11776K, used 480K [0x00000000d5580000, 0x00000000d6200000, 0x0000000100000000)
  eden space 11264K, 0% used [0x00000000d5580000,0x00000000d5580000,0x00000000d6080000)
  from space 512K, 93% used [0x00000000d6100000,0x00000000d6178000,0x00000000d6180000)
  to   space 512K, 0% used [0x00000000d6180000,0x00000000d6180000,0x00000000d6200000)
 ParOldGen       total 68608K, used 43604K [0x0000000080000000, 0x0000000084300000, 0x00000000d5580000)
  object space 68608K, 63% used [0x0000000080000000,0x0000000082a95230,0x0000000084300000)
 Metaspace       used 40903K, committed 42048K, reserved 1114112K
  class space    used 4344K, committed 4864K, reserved 1048576K
}
Event: 9.328 GC heap before
{Heap before GC invocations=46 (full 2):
 PSYoungGen      total 11776K, used 11744K [0x00000000d5580000, 0x00000000d6200000, 0x0000000100000000)
  eden space 11264K, 100% used [0x00000000d5580000,0x00000000d6080000,0x00000000d6080000)
  from space 512K, 93% used [0x00000000d6100000,0x00000000d6178000,0x00000000d6180000)
  to   space 512K, 0% used [0x00000000d6180000,0x00000000d6180000,0x00000000d6200000)
 ParOldGen       total 68608K, used 43604K [0x0000000080000000, 0x0000000084300000, 0x00000000d5580000)
  object space 68608K, 63% used [0x0000000080000000,0x0000000082a95230,0x0000000084300000)
 Metaspace       used 41601K, committed 42880K, reserved 1114112K
  class space    used 4433K, committed 4992K, reserved 1048576K
}
Event: 9.329 GC heap after
{Heap after GC invocations=46 (full 2):
 PSYoungGen      total 11776K, used 512K [0x00000000d5580000, 0x00000000d6280000, 0x0000000100000000)
  eden space 11264K, 0% used [0x00000000d5580000,0x00000000d5580000,0x00000000d6080000)
  from space 512K, 100% used [0x00000000d6180000,0x00000000d6200000,0x00000000d6200000)
  to   space 1024K, 0% used [0x00000000d6080000,0x00000000d6080000,0x00000000d6180000)
 ParOldGen       total 68608K, used 43993K [0x0000000080000000, 0x0000000084300000, 0x00000000d5580000)
  object space 68608K, 64% used [0x0000000080000000,0x0000000082af6510,0x0000000084300000)
 Metaspace       used 41601K, committed 42880K, reserved 1114112K
  class space    used 4433K, committed 4992K, reserved 1048576K
}
Event: 9.418 GC heap before
{Heap before GC invocations=47 (full 2):
 PSYoungGen      total 11776K, used 11776K [0x00000000d5580000, 0x00000000d6280000, 0x0000000100000000)
  eden space 11264K, 100% used [0x00000000d5580000,0x00000000d6080000,0x00000000d6080000)
  from space 512K, 100% used [0x00000000d6180000,0x00000000d6200000,0x00000000d6200000)
  to   space 1024K, 0% used [0x00000000d6080000,0x00000000d6080000,0x00000000d6180000)
 ParOldGen       total 68608K, used 43993K [0x0000000080000000, 0x0000000084300000, 0x00000000d5580000)
  object space 68608K, 64% used [0x0000000080000000,0x0000000082af6510,0x0000000084300000)
 Metaspace       used 42307K, committed 43456K, reserved 1114112K
  class space    used 4529K, committed 5056K, reserved 1048576K
}
Event: 9.419 GC heap after
{Heap after GC invocations=47 (full 2):
 PSYoungGen      total 12288K, used 608K [0x00000000d5580000, 0x00000000d6280000, 0x0000000100000000)
  eden space 11264K, 0% used [0x00000000d5580000,0x00000000d5580000,0x00000000d6080000)
  from space 1024K, 59% used [0x00000000d6080000,0x00000000d6118000,0x00000000d6180000)
  to   space 1024K, 0% used [0x00000000d6180000,0x00000000d6180000,0x00000000d6280000)
 ParOldGen       total 68608K, used 44381K [0x0000000080000000, 0x0000000084300000, 0x00000000d5580000)
  object space 68608K, 64% used [0x0000000080000000,0x0000000082b57520,0x0000000084300000)
 Metaspace       used 42307K, committed 43456K, reserved 1114112K
  class space    used 4529K, committed 5056K, reserved 1048576K
}
Event: 9.513 GC heap before
{Heap before GC invocations=48 (full 2):
 PSYoungGen      total 12288K, used 11872K [0x00000000d5580000, 0x00000000d6280000, 0x0000000100000000)
  eden space 11264K, 100% used [0x00000000d5580000,0x00000000d6080000,0x00000000d6080000)
  from space 1024K, 59% used [0x00000000d6080000,0x00000000d6118000,0x00000000d6180000)
  to   space 1024K, 0% used [0x00000000d6180000,0x00000000d6180000,0x00000000d6280000)
 ParOldGen       total 68608K, used 44381K [0x0000000080000000, 0x0000000084300000, 0x00000000d5580000)
  object space 68608K, 64% used [0x0000000080000000,0x0000000082b57520,0x0000000084300000)
 Metaspace       used 42988K, committed 44224K, reserved 1114112K
  class space    used 4634K, committed 5184K, reserved 1048576K
}
Event: 9.513 GC heap after
{Heap after GC invocations=48 (full 2):
 PSYoungGen      total 12288K, used 608K [0x00000000d5580000, 0x00000000d6280000, 0x0000000100000000)
  eden space 11264K, 0% used [0x00000000d5580000,0x00000000d5580000,0x00000000d6080000)
  from space 1024K, 59% used [0x00000000d6180000,0x00000000d6218000,0x00000000d6280000)
  to   space 1024K, 0% used [0x00000000d6080000,0x00000000d6080000,0x00000000d6180000)
 ParOldGen       total 68608K, used 44861K [0x0000000080000000, 0x0000000084300000, 0x00000000d5580000)
  object space 68608K, 65% used [0x0000000080000000,0x0000000082bcf540,0x0000000084300000)
 Metaspace       used 42988K, committed 44224K, reserved 1114112K
  class space    used 4634K, committed 5184K, reserved 1048576K
}
Event: 9.595 GC heap before
{Heap before GC invocations=49 (full 2):
 PSYoungGen      total 12288K, used 11872K [0x00000000d5580000, 0x00000000d6280000, 0x0000000100000000)
  eden space 11264K, 100% used [0x00000000d5580000,0x00000000d6080000,0x00000000d6080000)
  from space 1024K, 59% used [0x00000000d6180000,0x00000000d6218000,0x00000000d6280000)
  to   space 1024K, 0% used [0x00000000d6080000,0x00000000d6080000,0x00000000d6180000)
 ParOldGen       total 68608K, used 44861K [0x0000000080000000, 0x0000000084300000, 0x00000000d5580000)
  object space 68608K, 65% used [0x0000000080000000,0x0000000082bcf540,0x0000000084300000)
 Metaspace       used 43710K, committed 44928K, reserved 1114112K
  class space    used 4723K, committed 5248K, reserved 1048576K
}
Event: 9.596 GC heap after
{Heap after GC invocations=49 (full 2):
 PSYoungGen      total 12288K, used 576K [0x00000000d5580000, 0x00000000d6280000, 0x0000000100000000)
  eden space 11264K, 0% used [0x00000000d5580000,0x00000000d5580000,0x00000000d6080000)
  from space 1024K, 56% used [0x00000000d6080000,0x00000000d6110000,0x00000000d6180000)
  to   space 1024K, 0% used [0x00000000d6180000,0x00000000d6180000,0x00000000d6280000)
 ParOldGen       total 68608K, used 45301K [0x0000000080000000, 0x0000000084300000, 0x00000000d5580000)
  object space 68608K, 66% used [0x0000000080000000,0x0000000082c3d540,0x0000000084300000)
 Metaspace       used 43710K, committed 44928K, reserved 1114112K
  class space    used 4723K, committed 5248K, reserved 1048576K
}
Event: 9.672 GC heap before
{Heap before GC invocations=50 (full 2):
 PSYoungGen      total 12288K, used 11840K [0x00000000d5580000, 0x00000000d6280000, 0x0000000100000000)
  eden space 11264K, 100% used [0x00000000d5580000,0x00000000d6080000,0x00000000d6080000)
  from space 1024K, 56% used [0x00000000d6080000,0x00000000d6110000,0x00000000d6180000)
  to   space 1024K, 0% used [0x00000000d6180000,0x00000000d6180000,0x00000000d6280000)
 ParOldGen       total 68608K, used 45301K [0x0000000080000000, 0x0000000084300000, 0x00000000d5580000)
  object space 68608K, 66% used [0x0000000080000000,0x0000000082c3d540,0x0000000084300000)
 Metaspace       used 44332K, committed 45568K, reserved 1114112K
  class space    used 4804K, committed 5376K, reserved 1048576K
}
Event: 9.673 GC heap after
{Heap after GC invocations=50 (full 2):
 PSYoungGen      total 12288K, used 539K [0x00000000d5580000, 0x00000000d6280000, 0x0000000100000000)
  eden space 11264K, 0% used [0x00000000d5580000,0x00000000d5580000,0x00000000d6080000)
  from space 1024K, 52% used [0x00000000d6180000,0x00000000d6206e98,0x00000000d6280000)
  to   space 1024K, 0% used [0x00000000d6080000,0x00000000d6080000,0x00000000d6180000)
 ParOldGen       total 68608K, used 45661K [0x0000000080000000, 0x0000000084300000, 0x00000000d5580000)
  object space 68608K, 66% used [0x0000000080000000,0x0000000082c97540,0x0000000084300000)
 Metaspace       used 44332K, committed 45568K, reserved 1114112K
  class space    used 4804K, committed 5376K, reserved 1048576K
}
Event: 9.765 GC heap before
{Heap before GC invocations=51 (full 2):
 PSYoungGen      total 12288K, used 11803K [0x00000000d5580000, 0x00000000d6280000, 0x0000000100000000)
  eden space 11264K, 99% used [0x00000000d5580000,0x00000000d607ff68,0x00000000d6080000)
  from space 1024K, 52% used [0x00000000d6180000,0x00000000d6206e98,0x00000000d6280000)
  to   space 1024K, 0% used [0x00000000d6080000,0x00000000d6080000,0x00000000d6180000)
 ParOldGen       total 68608K, used 45661K [0x0000000080000000, 0x0000000084300000, 0x00000000d5580000)
  object space 68608K, 66% used [0x0000000080000000,0x0000000082c97540,0x0000000084300000)
 Metaspace       used 44760K, committed 45952K, reserved 1114112K
  class space    used 4854K, committed 5376K, reserved 1048576K
}
Event: 9.766 GC heap after
{Heap after GC invocations=51 (full 2):
 PSYoungGen      total 12288K, used 544K [0x00000000d5580000, 0x00000000d6280000, 0x0000000100000000)
  eden space 11264K, 0% used [0x00000000d5580000,0x00000000d5580000,0x00000000d6080000)
  from space 1024K, 53% used [0x00000000d6080000,0x00000000d6108000,0x00000000d6180000)
  to   space 1024K, 0% used [0x00000000d6180000,0x00000000d6180000,0x00000000d6280000)
 ParOldGen       total 68608K, used 46034K [0x0000000080000000, 0x0000000084300000, 0x00000000d5580000)
  object space 68608K, 67% used [0x0000000080000000,0x0000000082cf4a78,0x0000000084300000)
 Metaspace       used 44760K, committed 45952K, reserved 1114112K
  class space    used 4854K, committed 5376K, reserved 1048576K
}

