# JRE version: OpenJDK Runtime Environment Temurin-21.0.10+7 (21.0.10+7) (build 21.0.10+7-LTS)
# Java VM: OpenJDK 64-Bit Server VM Temurin-21.0.10+7 (21.0.10+7-LTS, mixed mode, sharing, tiered, compressed oops, compressed class ptrs, parallel gc, windows-amd64)
GC Precious Log:
 CardTable entry size: 512
 CPUs: 12 total, 12 available
 Memory: 16106M
 Large Page Support: Disabled
 NUMA Support: Disabled
 Compressed Oops: Enabled (32-bit)
 Alignments: Space 512K, Generation 512K, Heap 2M
 Heap Min Capacity: 100M
 Heap Initial Capacity: 100M
 Heap Max Capacity: 2G
 Pre-touch: Disabled
 Parallel Workers: 10
Heap:
 PSYoungGen      total 5120K, used 1180K [0x00000000d5580000, 0x00000000d5b80000, 0x0000000100000000)
  eden space 4096K, 20% used [0x00000000d5580000,0x00000000d564f288,0x00000000d5980000)
  from space 1024K, 34% used [0x00000000d5980000,0x00000000d59d8000,0x00000000d5a80000)
  to   space 512K, 0% used [0x00000000d5b00000,0x00000000d5b00000,0x00000000d5b80000)
 ParOldGen       total 84992K, used 79201K [0x0000000080000000, 0x0000000085300000, 0x00000000d5580000)
  object space 84992K, 93% used [0x0000000080000000,0x0000000084d58708,0x0000000085300000)
 Metaspace       used 65566K, committed 67008K, reserved 1114112K
  class space    used 8149K, committed 8768K, reserved 1048576K
GC Heap History (20 events):
Event: 46.706 GC heap before
{Heap before GC invocations=326 (full 3):
 PSYoungGen      total 3072K, used 2880K [0x00000000d5580000, 0x00000000d5a00000, 0x0000000100000000)
  eden space 2560K, 100% used [0x00000000d5580000,0x00000000d5800000,0x00000000d5800000)
  from space 512K, 62% used [0x00000000d5980000,0x00000000d59d0000,0x00000000d5a00000)
  to   space 512K, 0% used [0x00000000d5800000,0x00000000d5800000,0x00000000d5880000)
 ParOldGen       total 84992K, used 74299K [0x0000000080000000, 0x0000000085300000, 0x00000000d5580000)
  object space 84992K, 87% used [0x0000000080000000,0x000000008488ee68,0x0000000085300000)
 Metaspace       used 63953K, committed 65344K, reserved 1114112K
  class space    used 7994K, committed 8576K, reserved 1048576K
}
Event: 46.706 GC heap after
{Heap after GC invocations=326 (full 3):
 PSYoungGen      total 3072K, used 288K [0x00000000d5580000, 0x00000000d5a00000, 0x0000000100000000)
  eden space 2560K, 0% used [0x00000000d5580000,0x00000000d5580000,0x00000000d5800000)
  from space 512K, 56% used [0x00000000d5800000,0x00000000d5848000,0x00000000d5880000)
  to   space 512K, 0% used [0x00000000d5980000,0x00000000d5980000,0x00000000d5a00000)
 ParOldGen       total 84992K, used 74371K [0x0000000080000000, 0x0000000085300000, 0x00000000d5580000)
  object space 84992K, 87% used [0x0000000080000000,0x00000000848a0e68,0x0000000085300000)
 Metaspace       used 63953K, committed 65344K, reserved 1114112K
  class space    used 7994K, committed 8576K, reserved 1048576K
}
Event: 46.732 GC heap before
{Heap before GC invocations=327 (full 3):
 PSYoungGen      total 3072K, used 2821K [0x00000000d5580000, 0x00000000d5a00000, 0x0000000100000000)
  eden space 2560K, 98% used [0x00000000d5580000,0x00000000d57f95e0,0x00000000d5800000)
  from space 512K, 56% used [0x00000000d5800000,0x00000000d5848000,0x00000000d5880000)
  to   space 512K, 0% used [0x00000000d5980000,0x00000000d5980000,0x00000000d5a00000)
 ParOldGen       total 84992K, used 74371K [0x0000000080000000, 0x0000000085300000, 0x00000000d5580000)
  object space 84992K, 87% used [0x0000000080000000,0x00000000848a0e68,0x0000000085300000)
 Metaspace       used 64099K, committed 65472K, reserved 1114112K
  class space    used 8007K, committed 8576K, reserved 1048576K
}
Event: 46.732 GC heap after
{Heap after GC invocations=327 (full 3):
 PSYoungGen      total 3072K, used 409K [0x00000000d5580000, 0x00000000d5a00000, 0x0000000100000000)
  eden space 2560K, 0% used [0x00000000d5580000,0x00000000d5580000,0x00000000d5800000)
  from space 512K, 79% used [0x00000000d5980000,0x00000000d59e6468,0x00000000d5a00000)
  to   space 512K, 0% used [0x00000000d5800000,0x00000000d5800000,0x00000000d5880000)
 ParOldGen       total 84992K, used 74435K [0x0000000080000000, 0x0000000085300000, 0x00000000d5580000)
  object space 84992K, 87% used [0x0000000080000000,0x00000000848b0e68,0x0000000085300000)
 Metaspace       used 64099K, committed 65472K, reserved 1114112K
  class space    used 8007K, committed 8576K, reserved 1048576K
}
Event: 46.763 GC heap before
{Heap before GC invocations=328 (full 3):
 PSYoungGen      total 3072K, used 2969K [0x00000000d5580000, 0x00000000d5a00000, 0x0000000100000000)
  eden space 2560K, 100% used [0x00000000d5580000,0x00000000d5800000,0x00000000d5800000)
  from space 512K, 79% used [0x00000000d5980000,0x00000000d59e6468,0x00000000d5a00000)
  to   space 512K, 0% used [0x00000000d5800000,0x00000000d5800000,0x00000000d5880000)
 ParOldGen       total 84992K, used 74435K [0x0000000080000000, 0x0000000085300000, 0x00000000d5580000)
  object space 84992K, 87% used [0x0000000080000000,0x00000000848b0e68,0x0000000085300000)
 Metaspace       used 64296K, committed 65664K, reserved 1114112K
  class space    used 8034K, committed 8576K, reserved 1048576K
}
Event: 46.764 GC heap after
{Heap after GC invocations=328 (full 3):
 PSYoungGen      total 3072K, used 320K [0x00000000d5580000, 0x00000000d5a00000, 0x0000000100000000)
  eden space 2560K, 0% used [0x00000000d5580000,0x00000000d5580000,0x00000000d5800000)
  from space 512K, 62% used [0x00000000d5800000,0x00000000d5850000,0x00000000d5880000)
  to   space 512K, 0% used [0x00000000d5980000,0x00000000d5980000,0x00000000d5a00000)
 ParOldGen       total 84992K, used 74613K [0x0000000080000000, 0x0000000085300000, 0x00000000d5580000)
  object space 84992K, 87% used [0x0000000080000000,0x00000000848dd728,0x0000000085300000)
 Metaspace       used 64296K, committed 65664K, reserved 1114112K
  class space    used 8034K, committed 8576K, reserved 1048576K
}
Event: 46.782 GC heap before
{Heap before GC invocations=329 (full 3):
 PSYoungGen      total 3072K, used 2880K [0x00000000d5580000, 0x00000000d5a00000, 0x0000000100000000)
  eden space 2560K, 100% used [0x00000000d5580000,0x00000000d5800000,0x00000000d5800000)
  from space 512K, 62% used [0x00000000d5800000,0x00000000d5850000,0x00000000d5880000)
  to   space 512K, 0% used [0x00000000d5980000,0x00000000d5980000,0x00000000d5a00000)
 ParOldGen       total 84992K, used 74613K [0x0000000080000000, 0x0000000085300000, 0x00000000d5580000)
  object space 84992K, 87% used [0x0000000080000000,0x00000000848dd728,0x0000000085300000)
 Metaspace       used 64407K, committed 65856K, reserved 1114112K
  class space    used 8042K, committed 8640K, reserved 1048576K
}
Event: 46.783 GC heap after
{Heap after GC invocations=329 (full 3):
 PSYoungGen      total 3072K, used 480K [0x00000000d5580000, 0x00000000d5b00000, 0x0000000100000000)
  eden space 2560K, 0% used [0x00000000d5580000,0x00000000d5580000,0x00000000d5800000)
  from space 512K, 93% used [0x00000000d5980000,0x00000000d59f8318,0x00000000d5a00000)
  to   space 1536K, 0% used [0x00000000d5800000,0x00000000d5800000,0x00000000d5980000)
 ParOldGen       total 84992K, used 75254K [0x0000000080000000, 0x0000000085300000, 0x00000000d5580000)
  object space 84992K, 88% used [0x0000000080000000,0x000000008497da40,0x0000000085300000)
 Metaspace       used 64407K, committed 65856K, reserved 1114112K
  class space    used 8042K, committed 8640K, reserved 1048576K
}
Event: 46.787 GC heap before
{Heap before GC invocations=330 (full 3):
 PSYoungGen      total 3072K, used 3040K [0x00000000d5580000, 0x00000000d5b00000, 0x0000000100000000)
  eden space 2560K, 100% used [0x00000000d5580000,0x00000000d5800000,0x00000000d5800000)
  from space 512K, 93% used [0x00000000d5980000,0x00000000d59f8318,0x00000000d5a00000)
  to   space 1536K, 0% used [0x00000000d5800000,0x00000000d5800000,0x00000000d5980000)
 ParOldGen       total 84992K, used 75254K [0x0000000080000000, 0x0000000085300000, 0x00000000d5580000)
  object space 84992K, 88% used [0x0000000080000000,0x000000008497da40,0x0000000085300000)
 Metaspace       used 64453K, committed 65856K, reserved 1114112K
  class space    used 8046K, committed 8640K, reserved 1048576K
}
Event: 46.788 GC heap after
{Heap after GC invocations=330 (full 3):
 PSYoungGen      total 4096K, used 1523K [0x00000000d5580000, 0x00000000d5e00000, 0x0000000100000000)
  eden space 2560K, 0% used [0x00000000d5580000,0x00000000d5580000,0x00000000d5800000)
  from space 1536K, 99% used [0x00000000d5800000,0x00000000d597ce38,0x00000000d5980000)
  to   space 3072K, 0% used [0x00000000d5b00000,0x00000000d5b00000,0x00000000d5e00000)
 ParOldGen       total 84992K, used 76287K [0x0000000080000000, 0x0000000085300000, 0x00000000d5580000)
  object space 84992K, 89% used [0x0000000080000000,0x0000000084a7fd58,0x0000000085300000)
 Metaspace       used 64453K, committed 65856K, reserved 1114112K
  class space    used 8046K, committed 8640K, reserved 1048576K
}
Event: 46.815 GC heap before
{Heap before GC invocations=331 (full 3):
 PSYoungGen      total 4096K, used 4083K [0x00000000d5580000, 0x00000000d5e00000, 0x0000000100000000)
  eden space 2560K, 100% used [0x00000000d5580000,0x00000000d5800000,0x00000000d5800000)
  from space 1536K, 99% used [0x00000000d5800000,0x00000000d597ce38,0x00000000d5980000)
  to   space 3072K, 0% used [0x00000000d5b00000,0x00000000d5b00000,0x00000000d5e00000)
 ParOldGen       total 84992K, used 76287K [0x0000000080000000, 0x0000000085300000, 0x00000000d5580000)
  object space 84992K, 89% used [0x0000000080000000,0x0000000084a7fd58,0x0000000085300000)
 Metaspace       used 64656K, committed 66048K, reserved 1114112K
  class space    used 8063K, committed 8640K, reserved 1048576K
}
Event: 46.817 GC heap after
{Heap after GC invocations=331 (full 3):
 PSYoungGen      total 3584K, used 736K [0x00000000d5580000, 0x00000000d5c00000, 0x0000000100000000)
  eden space 2560K, 0% used [0x00000000d5580000,0x00000000d5580000,0x00000000d5800000)
  from space 1024K, 71% used [0x00000000d5b00000,0x00000000d5bb8000,0x00000000d5c00000)
  to   space 1536K, 0% used [0x00000000d5900000,0x00000000d5900000,0x00000000d5a80000)
 ParOldGen       total 84992K, used 77815K [0x0000000080000000, 0x0000000085300000, 0x00000000d5580000)
  object space 84992K, 91% used [0x0000000080000000,0x0000000084bfdd58,0x0000000085300000)
 Metaspace       used 64656K, committed 66048K, reserved 1114112K
  class space    used 8063K, committed 8640K, reserved 1048576K
}
Event: 46.847 GC heap before
{Heap before GC invocations=332 (full 3):
 PSYoungGen      total 3584K, used 3261K [0x00000000d5580000, 0x00000000d5c00000, 0x0000000100000000)
  eden space 2560K, 98% used [0x00000000d5580000,0x00000000d57f76e8,0x00000000d5800000)
  from space 1024K, 71% used [0x00000000d5b00000,0x00000000d5bb8000,0x00000000d5c00000)
  to   space 1536K, 0% used [0x00000000d5900000,0x00000000d5900000,0x00000000d5a80000)
 ParOldGen       total 84992K, used 77815K [0x0000000080000000, 0x0000000085300000, 0x00000000d5580000)
  object space 84992K, 91% used [0x0000000080000000,0x0000000084bfdd58,0x0000000085300000)
 Metaspace       used 64875K, committed 66304K, reserved 1114112K
  class space    used 8090K, committed 8704K, reserved 1048576K
}
Event: 46.848 GC heap after
{Heap after GC invocations=332 (full 3):
 PSYoungGen      total 4096K, used 419K [0x00000000d5580000, 0x00000000d5b80000, 0x0000000100000000)
  eden space 2560K, 0% used [0x00000000d5580000,0x00000000d5580000,0x00000000d5800000)
  from space 1536K, 27% used [0x00000000d5900000,0x00000000d5968e60,0x00000000d5a80000)
  to   space 1024K, 0% used [0x00000000d5a80000,0x00000000d5a80000,0x00000000d5b80000)
 ParOldGen       total 84992K, used 78407K [0x0000000080000000, 0x0000000085300000, 0x00000000d5580000)
  object space 84992K, 92% used [0x0000000080000000,0x0000000084c91d58,0x0000000085300000)
 Metaspace       used 64875K, committed 66304K, reserved 1114112K
  class space    used 8090K, committed 8704K, reserved 1048576K
}
Event: 46.881 GC heap before
{Heap before GC invocations=333 (full 3):
 PSYoungGen      total 4096K, used 2979K [0x00000000d5580000, 0x00000000d5b80000, 0x0000000100000000)
  eden space 2560K, 100% used [0x00000000d5580000,0x00000000d5800000,0x00000000d5800000)
  from space 1536K, 27% used [0x00000000d5900000,0x00000000d5968e60,0x00000000d5a80000)
  to   space 1024K, 0% used [0x00000000d5a80000,0x00000000d5a80000,0x00000000d5b80000)
 ParOldGen       total 84992K, used 78407K [0x0000000080000000, 0x0000000085300000, 0x00000000d5580000)
  object space 84992K, 92% used [0x0000000080000000,0x0000000084c91d58,0x0000000085300000)
 Metaspace       used 65188K, committed 66560K, reserved 1114112K
  class space    used 8117K, committed 8704K, reserved 1048576K
}
Event: 46.882 GC heap after
{Heap after GC invocations=333 (full 3):
 PSYoungGen      total 3072K, used 320K [0x00000000d5580000, 0x00000000d5b00000, 0x0000000100000000)
  eden space 2560K, 0% used [0x00000000d5580000,0x00000000d5580000,0x00000000d5800000)
  from space 512K, 62% used [0x00000000d5a80000,0x00000000d5ad0000,0x00000000d5b00000)
  to   space 512K, 0% used [0x00000000d5a00000,0x00000000d5a00000,0x00000000d5a80000)
 ParOldGen       total 84992K, used 78519K [0x0000000080000000, 0x0000000085300000, 0x00000000d5580000)
  object space 84992K, 92% used [0x0000000080000000,0x0000000084cadd58,0x0000000085300000)
 Metaspace       used 65188K, committed 66560K, reserved 1114112K
  class space    used 8117K, committed 8704K, reserved 1048576K
}
Event: 46.921 GC heap before
{Heap before GC invocations=334 (full 3):
 PSYoungGen      total 3072K, used 2879K [0x00000000d5580000, 0x00000000d5b00000, 0x0000000100000000)
  eden space 2560K, 99% used [0x00000000d5580000,0x00000000d57ffff0,0x00000000d5800000)
  from space 512K, 62% used [0x00000000d5a80000,0x00000000d5ad0000,0x00000000d5b00000)
  to   space 512K, 0% used [0x00000000d5a00000,0x00000000d5a00000,0x00000000d5a80000)
 ParOldGen       total 84992K, used 78519K [0x0000000080000000, 0x0000000085300000, 0x00000000d5580000)
  object space 84992K, 92% used [0x0000000080000000,0x0000000084cadd58,0x0000000085300000)
 Metaspace       used 65372K, committed 66880K, reserved 1114112K
  class space    used 8140K, committed 8768K, reserved 1048576K
}
Event: 47.913 GC heap after
{Heap after GC invocations=334 (full 3):
 PSYoungGen      total 3584K, used 320K [0x00000000d5580000, 0x00000000d5b00000, 0x0000000100000000)
  eden space 3072K, 0% used [0x00000000d5580000,0x00000000d5580000,0x00000000d5880000)
  from space 512K, 62% used [0x00000000d5a00000,0x00000000d5a50000,0x00000000d5a80000)
  to   space 512K, 0% used [0x00000000d5a80000,0x00000000d5a80000,0x00000000d5b00000)
 ParOldGen       total 84992K, used 78636K [0x0000000080000000, 0x0000000085300000, 0x00000000d5580000)
  object space 84992K, 92% used [0x0000000080000000,0x0000000084ccb3a0,0x0000000085300000)
 Metaspace       used 65372K, committed 66880K, reserved 1114112K
  class space    used 8140K, committed 8768K, reserved 1048576K
}
Event: 48.936 GC heap before
{Heap before GC invocations=335 (full 3):
 PSYoungGen      total 3584K, used 3392K [0x00000000d5580000, 0x00000000d5b00000, 0x0000000100000000)
  eden space 3072K, 100% used [0x00000000d5580000,0x00000000d5880000,0x00000000d5880000)
  from space 512K, 62% used [0x00000000d5a00000,0x00000000d5a50000,0x00000000d5a80000)
  to   space 512K, 0% used [0x00000000d5a80000,0x00000000d5a80000,0x00000000d5b00000)
 ParOldGen       total 84992K, used 78636K [0x0000000080000000, 0x0000000085300000, 0x00000000d5580000)
  object space 84992K, 92% used [0x0000000080000000,0x0000000084ccb3a0,0x0000000085300000)
 Metaspace       used 65422K, committed 66880K, reserved 1114112K
  class space    used 8141K, committed 8768K, reserved 1048576K
}
Event: 48.937 GC heap after
{Heap after GC invocations=335 (full 3):
 PSYoungGen      total 4608K, used 496K [0x00000000d5580000, 0x00000000d5b80000, 0x0000000100000000)
  eden space 4096K, 0% used [0x00000000d5580000,0x00000000d5580000,0x00000000d5980000)
  from space 512K, 96% used [0x00000000d5a80000,0x00000000d5afc010,0x00000000d5b00000)
  to   space 1024K, 0% used [0x00000000d5980000,0x00000000d5980000,0x00000000d5a80000)
 ParOldGen       total 84992K, used 78820K [0x0000000080000000, 0x0000000085300000, 0x00000000d5580000)
  object space 84992K, 92% used [0x0000000080000000,0x0000000084cf93a0,0x0000000085300000)
 Metaspace       used 65422K, committed 66880K, reserved 1114112K
  class space    used 8141K, committed 8768K, reserved 1048576K
}

