# JRE version: OpenJDK Runtime Environment Temurin-21.0.8+9 (21.0.8+9) (build 21.0.8+9-LTS)
# Java VM: OpenJDK 64-Bit Server VM Temurin-21.0.8+9 (21.0.8+9-LTS, mixed mode, sharing, tiered, compressed oops, compressed class ptrs, parallel gc, windows-amd64)
GC Precious Log:
 CardTable entry size: 512
 CPUs: 12 total, 12 available
 Memory: 16121M
 Large Page Support: Disabled
 NUMA Support: Disabled
 Compressed Oops: Enabled (32-bit)
 Alignments: Space 512K, Generation 512K, Heap 2M
 Heap Min Capacity: 100M
 Heap Initial Capacity: 100M
 Heap Max Capacity: 2G
 Pre-touch: Disabled
 Parallel Workers: 10
Heap:
 PSYoungGen      total 11776K, used 10043K [0x00000000d5580000, 0x00000000d6480000, 0x0000000100000000)
  eden space 11264K, 86% used [0x00000000d5580000,0x00000000d5ef6c68,0x00000000d6080000)
  from space 512K, 68% used [0x00000000d6400000,0x00000000d6458000,0x00000000d6480000)
  to   space 512K, 0% used [0x00000000d6380000,0x00000000d6380000,0x00000000d6400000)
 ParOldGen       total 68608K, used 55881K [0x0000000080000000, 0x0000000084300000, 0x00000000d5580000)
  object space 68608K, 81% used [0x0000000080000000,0x00000000836926b8,0x0000000084300000)
 Metaspace       used 54640K, committed 55872K, reserved 1114112K
  class space    used 6336K, committed 6912K, reserved 1048576K
GC Heap History (20 events):
Event: 14.950 GC heap before
{Heap before GC invocations=47 (full 2):
 PSYoungGen      total 11776K, used 11744K [0x00000000d5580000, 0x00000000d6580000, 0x0000000100000000)
  eden space 11264K, 100% used [0x00000000d5580000,0x00000000d6080000,0x00000000d6080000)
  from space 512K, 93% used [0x00000000d6500000,0x00000000d6578000,0x00000000d6580000)
  to   space 512K, 0% used [0x00000000d6480000,0x00000000d6480000,0x00000000d6500000)
 ParOldGen       total 68608K, used 49727K [0x0000000080000000, 0x0000000084300000, 0x00000000d5580000)
  object space 68608K, 72% used [0x0000000080000000,0x000000008308ff68,0x0000000084300000)
 Metaspace       used 51653K, committed 52864K, reserved 1114112K
  class space    used 5796K, committed 6272K, reserved 1048576K
}
Event: 14.951 GC heap after
{Heap after GC invocations=47 (full 2):
 PSYoungGen      total 11776K, used 506K [0x00000000d5580000, 0x00000000d6680000, 0x0000000100000000)
  eden space 11264K, 0% used [0x00000000d5580000,0x00000000d5580000,0x00000000d6080000)
  from space 512K, 98% used [0x00000000d6480000,0x00000000d64fe820,0x00000000d6500000)
  to   space 1536K, 0% used [0x00000000d6500000,0x00000000d6500000,0x00000000d6680000)
 ParOldGen       total 68608K, used 51796K [0x0000000080000000, 0x0000000084300000, 0x00000000d5580000)
  object space 68608K, 75% used [0x0000000080000000,0x00000000832953c8,0x0000000084300000)
 Metaspace       used 51653K, committed 52864K, reserved 1114112K
  class space    used 5796K, committed 6272K, reserved 1048576K
}
Event: 15.022 GC heap before
{Heap before GC invocations=48 (full 2):
 PSYoungGen      total 11776K, used 11770K [0x00000000d5580000, 0x00000000d6680000, 0x0000000100000000)
  eden space 11264K, 100% used [0x00000000d5580000,0x00000000d6080000,0x00000000d6080000)
  from space 512K, 98% used [0x00000000d6480000,0x00000000d64fe820,0x00000000d6500000)
  to   space 1536K, 0% used [0x00000000d6500000,0x00000000d6500000,0x00000000d6680000)
 ParOldGen       total 68608K, used 51796K [0x0000000080000000, 0x0000000084300000, 0x00000000d5580000)
  object space 68608K, 75% used [0x0000000080000000,0x00000000832953c8,0x0000000084300000)
 Metaspace       used 51822K, committed 53056K, reserved 1114112K
  class space    used 5833K, committed 6336K, reserved 1048576K
}
Event: 15.023 GC heap after
{Heap after GC invocations=48 (full 2):
 PSYoungGen      total 12800K, used 1529K [0x00000000d5580000, 0x00000000d6680000, 0x0000000100000000)
  eden space 11264K, 0% used [0x00000000d5580000,0x00000000d5580000,0x00000000d6080000)
  from space 1536K, 99% used [0x00000000d6500000,0x00000000d667e4c8,0x00000000d6680000)
  to   space 2560K, 0% used [0x00000000d6180000,0x00000000d6180000,0x00000000d6400000)
 ParOldGen       total 68608K, used 52519K [0x0000000080000000, 0x0000000084300000, 0x00000000d5580000)
  object space 68608K, 76% used [0x0000000080000000,0x0000000083349d00,0x0000000084300000)
 Metaspace       used 51822K, committed 53056K, reserved 1114112K
  class space    used 5833K, committed 6336K, reserved 1048576K
}
Event: 15.243 GC heap before
{Heap before GC invocations=49 (full 2):
 PSYoungGen      total 12800K, used 12793K [0x00000000d5580000, 0x00000000d6680000, 0x0000000100000000)
  eden space 11264K, 100% used [0x00000000d5580000,0x00000000d6080000,0x00000000d6080000)
  from space 1536K, 99% used [0x00000000d6500000,0x00000000d667e4c8,0x00000000d6680000)
  to   space 2560K, 0% used [0x00000000d6180000,0x00000000d6180000,0x00000000d6400000)
 ParOldGen       total 68608K, used 52519K [0x0000000080000000, 0x0000000084300000, 0x00000000d5580000)
  object space 68608K, 76% used [0x0000000080000000,0x0000000083349d00,0x0000000084300000)
 Metaspace       used 52631K, committed 53824K, reserved 1114112K
  class space    used 5997K, committed 6464K, reserved 1048576K
}
Event: 15.243 GC heap after
{Heap after GC invocations=49 (full 2):
 PSYoungGen      total 13824K, used 768K [0x00000000d5580000, 0x00000000d6580000, 0x0000000100000000)
  eden space 11264K, 0% used [0x00000000d5580000,0x00000000d5580000,0x00000000d6080000)
  from space 2560K, 30% used [0x00000000d6180000,0x00000000d6240020,0x00000000d6400000)
  to   space 1536K, 0% used [0x00000000d6400000,0x00000000d6400000,0x00000000d6580000)
 ParOldGen       total 68608K, used 54028K [0x0000000080000000, 0x0000000084300000, 0x00000000d5580000)
  object space 68608K, 78% used [0x0000000080000000,0x00000000834c3330,0x0000000084300000)
 Metaspace       used 52631K, committed 53824K, reserved 1114112K
  class space    used 5997K, committed 6464K, reserved 1048576K
}
Event: 15.368 GC heap before
{Heap before GC invocations=50 (full 2):
 PSYoungGen      total 13824K, used 12032K [0x00000000d5580000, 0x00000000d6580000, 0x0000000100000000)
  eden space 11264K, 100% used [0x00000000d5580000,0x00000000d6080000,0x00000000d6080000)
  from space 2560K, 30% used [0x00000000d6180000,0x00000000d6240020,0x00000000d6400000)
  to   space 1536K, 0% used [0x00000000d6400000,0x00000000d6400000,0x00000000d6580000)
 ParOldGen       total 68608K, used 54028K [0x0000000080000000, 0x0000000084300000, 0x00000000d5580000)
  object space 68608K, 78% used [0x0000000080000000,0x00000000834c3330,0x0000000084300000)
 Metaspace       used 54003K, committed 55232K, reserved 1114112K
  class space    used 6216K, committed 6720K, reserved 1048576K
}
Event: 15.369 GC heap after
{Heap after GC invocations=50 (full 2):
 PSYoungGen      total 11776K, used 448K [0x00000000d5580000, 0x00000000d6480000, 0x0000000100000000)
  eden space 11264K, 0% used [0x00000000d5580000,0x00000000d5580000,0x00000000d6080000)
  from space 512K, 87% used [0x00000000d6400000,0x00000000d6470000,0x00000000d6480000)
  to   space 1024K, 0% used [0x00000000d6280000,0x00000000d6280000,0x00000000d6380000)
 ParOldGen       total 68608K, used 54668K [0x0000000080000000, 0x0000000084300000, 0x00000000d5580000)
  object space 68608K, 79% used [0x0000000080000000,0x0000000083563360,0x0000000084300000)
 Metaspace       used 54003K, committed 55232K, reserved 1114112K
  class space    used 6216K, committed 6720K, reserved 1048576K
}
Event: 15.591 GC heap before
{Heap before GC invocations=51 (full 2):
 PSYoungGen      total 11776K, used 11712K [0x00000000d5580000, 0x00000000d6480000, 0x0000000100000000)
  eden space 11264K, 100% used [0x00000000d5580000,0x00000000d6080000,0x00000000d6080000)
  from space 512K, 87% used [0x00000000d6400000,0x00000000d6470000,0x00000000d6480000)
  to   space 1024K, 0% used [0x00000000d6280000,0x00000000d6280000,0x00000000d6380000)
 ParOldGen       total 68608K, used 54668K [0x0000000080000000, 0x0000000084300000, 0x00000000d5580000)
  object space 68608K, 79% used [0x0000000080000000,0x0000000083563360,0x0000000084300000)
 Metaspace       used 54622K, committed 55872K, reserved 1114112K
  class space    used 6336K, committed 6912K, reserved 1048576K
}
Event: 15.592 GC heap after
{Heap after GC invocations=51 (full 2):
 PSYoungGen      total 12288K, used 448K [0x00000000d5580000, 0x00000000d6480000, 0x0000000100000000)
  eden space 11264K, 0% used [0x00000000d5580000,0x00000000d5580000,0x00000000d6080000)
  from space 1024K, 43% used [0x00000000d6280000,0x00000000d62f0000,0x00000000d6380000)
  to   space 512K, 0% used [0x00000000d6400000,0x00000000d6400000,0x00000000d6480000)
 ParOldGen       total 68608K, used 55009K [0x0000000080000000, 0x0000000084300000, 0x00000000d5580000)
  object space 68608K, 80% used [0x0000000080000000,0x00000000835b86b8,0x0000000084300000)
 Metaspace       used 54622K, committed 55872K, reserved 1114112K
  class space    used 6336K, committed 6912K, reserved 1048576K
}
Event: 15.881 GC heap before
{Heap before GC invocations=52 (full 2):
 PSYoungGen      total 12288K, used 11712K [0x00000000d5580000, 0x00000000d6480000, 0x0000000100000000)
  eden space 11264K, 100% used [0x00000000d5580000,0x00000000d6080000,0x00000000d6080000)
  from space 1024K, 43% used [0x00000000d6280000,0x00000000d62f0000,0x00000000d6380000)
  to   space 512K, 0% used [0x00000000d6400000,0x00000000d6400000,0x00000000d6480000)
 ParOldGen       total 68608K, used 55009K [0x0000000080000000, 0x0000000084300000, 0x00000000d5580000)
  object space 68608K, 80% used [0x0000000080000000,0x00000000835b86b8,0x0000000084300000)
 Metaspace       used 54627K, committed 55872K, reserved 1114112K
  class space    used 6336K, committed 6912K, reserved 1048576K
}
Event: 15.882 GC heap after
{Heap after GC invocations=52 (full 2):
 PSYoungGen      total 11776K, used 352K [0x00000000d5580000, 0x00000000d6480000, 0x0000000100000000)
  eden space 11264K, 0% used [0x00000000d5580000,0x00000000d5580000,0x00000000d6080000)
  from space 512K, 68% used [0x00000000d6400000,0x00000000d6458000,0x00000000d6480000)
  to   space 512K, 0% used [0x00000000d6380000,0x00000000d6380000,0x00000000d6400000)
 ParOldGen       total 68608K, used 55297K [0x0000000080000000, 0x0000000084300000, 0x00000000d5580000)
  object space 68608K, 80% used [0x0000000080000000,0x00000000836006b8,0x0000000084300000)
 Metaspace       used 54627K, committed 55872K, reserved 1114112K
  class space    used 6336K, committed 6912K, reserved 1048576K
}
Event: 16.132 GC heap before
{Heap before GC invocations=53 (full 2):
 PSYoungGen      total 11776K, used 11616K [0x00000000d5580000, 0x00000000d6480000, 0x0000000100000000)
  eden space 11264K, 100% used [0x00000000d5580000,0x00000000d6080000,0x00000000d6080000)
  from space 512K, 68% used [0x00000000d6400000,0x00000000d6458000,0x00000000d6480000)
  to   space 512K, 0% used [0x00000000d6380000,0x00000000d6380000,0x00000000d6400000)
 ParOldGen       total 68608K, used 55297K [0x0000000080000000, 0x0000000084300000, 0x00000000d5580000)
  object space 68608K, 80% used [0x0000000080000000,0x00000000836006b8,0x0000000084300000)
 Metaspace       used 54629K, committed 55872K, reserved 1114112K
  class space    used 6336K, committed 6912K, reserved 1048576K
}
Event: 16.133 GC heap after
{Heap after GC invocations=53 (full 2):
 PSYoungGen      total 11776K, used 416K [0x00000000d5580000, 0x00000000d6480000, 0x0000000100000000)
  eden space 11264K, 0% used [0x00000000d5580000,0x00000000d5580000,0x00000000d6080000)
  from space 512K, 81% used [0x00000000d6380000,0x00000000d63e8000,0x00000000d6400000)
  to   space 512K, 0% used [0x00000000d6400000,0x00000000d6400000,0x00000000d6480000)
 ParOldGen       total 68608K, used 55393K [0x0000000080000000, 0x0000000084300000, 0x00000000d5580000)
  object space 68608K, 80% used [0x0000000080000000,0x00000000836186b8,0x0000000084300000)
 Metaspace       used 54629K, committed 55872K, reserved 1114112K
  class space    used 6336K, committed 6912K, reserved 1048576K
}
Event: 16.293 GC heap before
{Heap before GC invocations=54 (full 2):
 PSYoungGen      total 11776K, used 11680K [0x00000000d5580000, 0x00000000d6480000, 0x0000000100000000)
  eden space 11264K, 100% used [0x00000000d5580000,0x00000000d6080000,0x00000000d6080000)
  from space 512K, 81% used [0x00000000d6380000,0x00000000d63e8000,0x00000000d6400000)
  to   space 512K, 0% used [0x00000000d6400000,0x00000000d6400000,0x00000000d6480000)
 ParOldGen       total 68608K, used 55393K [0x0000000080000000, 0x0000000084300000, 0x00000000d5580000)
  object space 68608K, 80% used [0x0000000080000000,0x00000000836186b8,0x0000000084300000)
 Metaspace       used 54637K, committed 55872K, reserved 1114112K
  class space    used 6336K, committed 6912K, reserved 1048576K
}
Event: 16.294 GC heap after
{Heap after GC invocations=54 (full 2):
 PSYoungGen      total 11776K, used 352K [0x00000000d5580000, 0x00000000d6480000, 0x0000000100000000)
  eden space 11264K, 0% used [0x00000000d5580000,0x00000000d5580000,0x00000000d6080000)
  from space 512K, 68% used [0x00000000d6400000,0x00000000d6458000,0x00000000d6480000)
  to   space 512K, 0% used [0x00000000d6380000,0x00000000d6380000,0x00000000d6400000)
 ParOldGen       total 68608K, used 55489K [0x0000000080000000, 0x0000000084300000, 0x00000000d5580000)
  object space 68608K, 80% used [0x0000000080000000,0x00000000836306b8,0x0000000084300000)
 Metaspace       used 54637K, committed 55872K, reserved 1114112K
  class space    used 6336K, committed 6912K, reserved 1048576K
}
Event: 16.490 GC heap before
{Heap before GC invocations=55 (full 2):
 PSYoungGen      total 11776K, used 11616K [0x00000000d5580000, 0x00000000d6480000, 0x0000000100000000)
  eden space 11264K, 100% used [0x00000000d5580000,0x00000000d6080000,0x00000000d6080000)
  from space 512K, 68% used [0x00000000d6400000,0x00000000d6458000,0x00000000d6480000)
  to   space 512K, 0% used [0x00000000d6380000,0x00000000d6380000,0x00000000d6400000)
 ParOldGen       total 68608K, used 55489K [0x0000000080000000, 0x0000000084300000, 0x00000000d5580000)
  object space 68608K, 80% used [0x0000000080000000,0x00000000836306b8,0x0000000084300000)
 Metaspace       used 54638K, committed 55872K, reserved 1114112K
  class space    used 6336K, committed 6912K, reserved 1048576K
}
Event: 16.491 GC heap after
{Heap after GC invocations=55 (full 2):
 PSYoungGen      total 11776K, used 320K [0x00000000d5580000, 0x00000000d6480000, 0x0000000100000000)
  eden space 11264K, 0% used [0x00000000d5580000,0x00000000d5580000,0x00000000d6080000)
  from space 512K, 62% used [0x00000000d6380000,0x00000000d63d0000,0x00000000d6400000)
  to   space 512K, 0% used [0x00000000d6400000,0x00000000d6400000,0x00000000d6480000)
 ParOldGen       total 68608K, used 55649K [0x0000000080000000, 0x0000000084300000, 0x00000000d5580000)
  object space 68608K, 81% used [0x0000000080000000,0x00000000836586b8,0x0000000084300000)
 Metaspace       used 54638K, committed 55872K, reserved 1114112K
  class space    used 6336K, committed 6912K, reserved 1048576K
}
Event: 16.649 GC heap before
{Heap before GC invocations=56 (full 2):
 PSYoungGen      total 11776K, used 11584K [0x00000000d5580000, 0x00000000d6480000, 0x0000000100000000)
  eden space 11264K, 100% used [0x00000000d5580000,0x00000000d6080000,0x00000000d6080000)
  from space 512K, 62% used [0x00000000d6380000,0x00000000d63d0000,0x00000000d6400000)
  to   space 512K, 0% used [0x00000000d6400000,0x00000000d6400000,0x00000000d6480000)
 ParOldGen       total 68608K, used 55649K [0x0000000080000000, 0x0000000084300000, 0x00000000d5580000)
  object space 68608K, 81% used [0x0000000080000000,0x00000000836586b8,0x0000000084300000)
 Metaspace       used 54638K, committed 55872K, reserved 1114112K
  class space    used 6336K, committed 6912K, reserved 1048576K
}
Event: 16.649 GC heap after
{Heap after GC invocations=56 (full 2):
 PSYoungGen      total 11776K, used 352K [0x00000000d5580000, 0x00000000d6480000, 0x0000000100000000)
  eden space 11264K, 0% used [0x00000000d5580000,0x00000000d5580000,0x00000000d6080000)
  from space 512K, 68% used [0x00000000d6400000,0x00000000d6458000,0x00000000d6480000)
  to   space 512K, 0% used [0x00000000d6380000,0x00000000d6380000,0x00000000d6400000)
 ParOldGen       total 68608K, used 55881K [0x0000000080000000, 0x0000000084300000, 0x00000000d5580000)
  object space 68608K, 81% used [0x0000000080000000,0x00000000836926b8,0x0000000084300000)
 Metaspace       used 54638K, committed 55872K, reserved 1114112K
  class space    used 6336K, committed 6912K, reserved 1048576K
}

