# JRE version: OpenJDK Runtime Environment Temurin-21.0.8+9 (21.0.8+9) (build 21.0.8+9-LTS)
# Java VM: OpenJDK 64-Bit Server VM Temurin-21.0.8+9 (21.0.8+9-LTS, mixed mode, sharing, tiered, compressed oops, compressed class ptrs, parallel gc, windows-amd64)
GC Precious Log:
 CardTable entry size: 512
 CPUs: 12 total, 12 available
 Memory: 16121M
 Large Page Support: Disabled
 NUMA Support: Disabled
 Compressed Oops: Enabled (32-bit)
 Alignments: Space 512K, Generation 512K, Heap 2M
 Heap Min Capacity: 100M
 Heap Initial Capacity: 100M
 Heap Max Capacity: 2G
 Pre-touch: Disabled
 Parallel Workers: 10
Heap:
 PSYoungGen      total 17408K, used 15568K [0x00000000d5580000, 0x00000000d6780000, 0x0000000100000000)
  eden space 16384K, 90% used [0x00000000d5580000,0x00000000d6402828,0x00000000d6580000)
  from space 1024K, 69% used [0x00000000d6580000,0x00000000d6631938,0x00000000d6680000)
  to   space 1024K, 0% used [0x00000000d6680000,0x00000000d6680000,0x00000000d6780000)
 ParOldGen       total 68608K, used 32155K [0x0000000080000000, 0x0000000084300000, 0x00000000d5580000)
  object space 68608K, 46% used [0x0000000080000000,0x0000000081f66fd8,0x0000000084300000)
 Metaspace       used 43887K, committed 45120K, reserved 1114112K
  class space    used 4695K, committed 5248K, reserved 1048576K
GC Heap History (20 events):
Event: 3.355 GC heap before
{Heap before GC invocations=24 (full 2):
 PSYoungGen      total 17920K, used 608K [0x00000000d5580000, 0x00000000d6880000, 0x0000000100000000)
  eden space 16896K, 0% used [0x00000000d5580000,0x00000000d5580000,0x00000000d6600000)
  from space 1024K, 59% used [0x00000000d6780000,0x00000000d6818000,0x00000000d6880000)
  to   space 1024K, 0% used [0x00000000d6680000,0x00000000d6680000,0x00000000d6780000)
 ParOldGen       total 68608K, used 29111K [0x0000000080000000, 0x0000000084300000, 0x00000000d5580000)
  object space 68608K, 42% used [0x0000000080000000,0x0000000081c6df18,0x0000000084300000)
 Metaspace       used 34794K, committed 35840K, reserved 1114112K
  class space    used 3484K, committed 3968K, reserved 1048576K
}
Event: 3.380 GC heap after
{Heap after GC invocations=24 (full 2):
 PSYoungGen      total 17920K, used 0K [0x00000000d5580000, 0x00000000d6880000, 0x0000000100000000)
  eden space 16896K, 0% used [0x00000000d5580000,0x00000000d5580000,0x00000000d6600000)
  from space 1024K, 0% used [0x00000000d6780000,0x00000000d6780000,0x00000000d6880000)
  to   space 1024K, 0% used [0x00000000d6680000,0x00000000d6680000,0x00000000d6780000)
 ParOldGen       total 68608K, used 28197K [0x0000000080000000, 0x0000000084300000, 0x00000000d5580000)
  object space 68608K, 41% used [0x0000000080000000,0x0000000081b895c8,0x0000000084300000)
 Metaspace       used 34794K, committed 35840K, reserved 1114112K
  class space    used 3484K, committed 3968K, reserved 1048576K
}
Event: 3.453 GC heap before
{Heap before GC invocations=25 (full 2):
 PSYoungGen      total 17920K, used 16896K [0x00000000d5580000, 0x00000000d6880000, 0x0000000100000000)
  eden space 16896K, 100% used [0x00000000d5580000,0x00000000d6600000,0x00000000d6600000)
  from space 1024K, 0% used [0x00000000d6780000,0x00000000d6780000,0x00000000d6880000)
  to   space 1024K, 0% used [0x00000000d6680000,0x00000000d6680000,0x00000000d6780000)
 ParOldGen       total 68608K, used 28197K [0x0000000080000000, 0x0000000084300000, 0x00000000d5580000)
  object space 68608K, 41% used [0x0000000080000000,0x0000000081b895c8,0x0000000084300000)
 Metaspace       used 35757K, committed 36864K, reserved 1114112K
  class space    used 3621K, committed 4096K, reserved 1048576K
}
Event: 3.454 GC heap after
{Heap after GC invocations=25 (full 2):
 PSYoungGen      total 17920K, used 736K [0x00000000d5580000, 0x00000000d6800000, 0x0000000100000000)
  eden space 16896K, 0% used [0x00000000d5580000,0x00000000d5580000,0x00000000d6600000)
  from space 1024K, 71% used [0x00000000d6680000,0x00000000d6738000,0x00000000d6780000)
  to   space 512K, 0% used [0x00000000d6780000,0x00000000d6780000,0x00000000d6800000)
 ParOldGen       total 68608K, used 28205K [0x0000000080000000, 0x0000000084300000, 0x00000000d5580000)
  object space 68608K, 41% used [0x0000000080000000,0x0000000081b8b5c8,0x0000000084300000)
 Metaspace       used 35757K, committed 36864K, reserved 1114112K
  class space    used 3621K, committed 4096K, reserved 1048576K
}
Event: 3.564 GC heap before
{Heap before GC invocations=26 (full 2):
 PSYoungGen      total 17920K, used 17632K [0x00000000d5580000, 0x00000000d6800000, 0x0000000100000000)
  eden space 16896K, 100% used [0x00000000d5580000,0x00000000d6600000,0x00000000d6600000)
  from space 1024K, 71% used [0x00000000d6680000,0x00000000d6738000,0x00000000d6780000)
  to   space 512K, 0% used [0x00000000d6780000,0x00000000d6780000,0x00000000d6800000)
 ParOldGen       total 68608K, used 28205K [0x0000000080000000, 0x0000000084300000, 0x00000000d5580000)
  object space 68608K, 41% used [0x0000000080000000,0x0000000081b8b5c8,0x0000000084300000)
 Metaspace       used 37263K, committed 38336K, reserved 1114112K
  class space    used 3830K, committed 4288K, reserved 1048576K
}
Event: 3.565 GC heap after
{Heap after GC invocations=26 (full 2):
 PSYoungGen      total 17408K, used 512K [0x00000000d5580000, 0x00000000d6900000, 0x0000000100000000)
  eden space 16896K, 0% used [0x00000000d5580000,0x00000000d5580000,0x00000000d6600000)
  from space 512K, 100% used [0x00000000d6780000,0x00000000d6800000,0x00000000d6800000)
  to   space 1536K, 0% used [0x00000000d6600000,0x00000000d6600000,0x00000000d6780000)
 ParOldGen       total 68608K, used 28805K [0x0000000080000000, 0x0000000084300000, 0x00000000d5580000)
  object space 68608K, 41% used [0x0000000080000000,0x0000000081c215d8,0x0000000084300000)
 Metaspace       used 37263K, committed 38336K, reserved 1114112K
  class space    used 3830K, committed 4288K, reserved 1048576K
}
Event: 3.666 GC heap before
{Heap before GC invocations=27 (full 2):
 PSYoungGen      total 17408K, used 17408K [0x00000000d5580000, 0x00000000d6900000, 0x0000000100000000)
  eden space 16896K, 100% used [0x00000000d5580000,0x00000000d6600000,0x00000000d6600000)
  from space 512K, 100% used [0x00000000d6780000,0x00000000d6800000,0x00000000d6800000)
  to   space 1536K, 0% used [0x00000000d6600000,0x00000000d6600000,0x00000000d6780000)
 ParOldGen       total 68608K, used 28805K [0x0000000080000000, 0x0000000084300000, 0x00000000d5580000)
  object space 68608K, 41% used [0x0000000080000000,0x0000000081c215d8,0x0000000084300000)
 Metaspace       used 37814K, committed 38848K, reserved 1114112K
  class space    used 3918K, committed 4352K, reserved 1048576K
}
Event: 3.667 GC heap after
{Heap after GC invocations=27 (full 2):
 PSYoungGen      total 17408K, used 448K [0x00000000d5580000, 0x00000000d6800000, 0x0000000100000000)
  eden space 16896K, 0% used [0x00000000d5580000,0x00000000d5580000,0x00000000d6600000)
  from space 512K, 87% used [0x00000000d6600000,0x00000000d6670000,0x00000000d6680000)
  to   space 1024K, 0% used [0x00000000d6700000,0x00000000d6700000,0x00000000d6800000)
 ParOldGen       total 68608K, used 29309K [0x0000000080000000, 0x0000000084300000, 0x00000000d5580000)
  object space 68608K, 42% used [0x0000000080000000,0x0000000081c9f5d8,0x0000000084300000)
 Metaspace       used 37814K, committed 38848K, reserved 1114112K
  class space    used 3918K, committed 4352K, reserved 1048576K
}
Event: 3.767 GC heap before
{Heap before GC invocations=28 (full 2):
 PSYoungGen      total 17408K, used 17344K [0x00000000d5580000, 0x00000000d6800000, 0x0000000100000000)
  eden space 16896K, 100% used [0x00000000d5580000,0x00000000d6600000,0x00000000d6600000)
  from space 512K, 87% used [0x00000000d6600000,0x00000000d6670000,0x00000000d6680000)
  to   space 1024K, 0% used [0x00000000d6700000,0x00000000d6700000,0x00000000d6800000)
 ParOldGen       total 68608K, used 29309K [0x0000000080000000, 0x0000000084300000, 0x00000000d5580000)
  object space 68608K, 42% used [0x0000000080000000,0x0000000081c9f5d8,0x0000000084300000)
 Metaspace       used 38682K, committed 39744K, reserved 1114112K
  class space    used 4022K, committed 4480K, reserved 1048576K
}
Event: 3.768 GC heap after
{Heap after GC invocations=28 (full 2):
 PSYoungGen      total 17920K, used 549K [0x00000000d5580000, 0x00000000d6800000, 0x0000000100000000)
  eden space 16896K, 0% used [0x00000000d5580000,0x00000000d5580000,0x00000000d6600000)
  from space 1024K, 53% used [0x00000000d6700000,0x00000000d67894f8,0x00000000d6800000)
  to   space 1024K, 0% used [0x00000000d6600000,0x00000000d6600000,0x00000000d6700000)
 ParOldGen       total 68608K, used 29597K [0x0000000080000000, 0x0000000084300000, 0x00000000d5580000)
  object space 68608K, 43% used [0x0000000080000000,0x0000000081ce75d8,0x0000000084300000)
 Metaspace       used 38682K, committed 39744K, reserved 1114112K
  class space    used 4022K, committed 4480K, reserved 1048576K
}
Event: 3.867 GC heap before
{Heap before GC invocations=29 (full 2):
 PSYoungGen      total 17920K, used 17445K [0x00000000d5580000, 0x00000000d6800000, 0x0000000100000000)
  eden space 16896K, 100% used [0x00000000d5580000,0x00000000d6600000,0x00000000d6600000)
  from space 1024K, 53% used [0x00000000d6700000,0x00000000d67894f8,0x00000000d6800000)
  to   space 1024K, 0% used [0x00000000d6600000,0x00000000d6600000,0x00000000d6700000)
 ParOldGen       total 68608K, used 29597K [0x0000000080000000, 0x0000000084300000, 0x00000000d5580000)
  object space 68608K, 43% used [0x0000000080000000,0x0000000081ce75d8,0x0000000084300000)
 Metaspace       used 39735K, committed 40832K, reserved 1114112K
  class space    used 4158K, committed 4672K, reserved 1048576K
}
Event: 3.867 GC heap after
{Heap after GC invocations=29 (full 2):
 PSYoungGen      total 17920K, used 512K [0x00000000d5580000, 0x00000000d6800000, 0x0000000100000000)
  eden space 16896K, 0% used [0x00000000d5580000,0x00000000d5580000,0x00000000d6600000)
  from space 1024K, 50% used [0x00000000d6600000,0x00000000d6680000,0x00000000d6700000)
  to   space 1024K, 0% used [0x00000000d6700000,0x00000000d6700000,0x00000000d6800000)
 ParOldGen       total 68608K, used 29869K [0x0000000080000000, 0x0000000084300000, 0x00000000d5580000)
  object space 68608K, 43% used [0x0000000080000000,0x0000000081d2b5d8,0x0000000084300000)
 Metaspace       used 39735K, committed 40832K, reserved 1114112K
  class space    used 4158K, committed 4672K, reserved 1048576K
}
Event: 3.973 GC heap before
{Heap before GC invocations=30 (full 2):
 PSYoungGen      total 17920K, used 17408K [0x00000000d5580000, 0x00000000d6800000, 0x0000000100000000)
  eden space 16896K, 100% used [0x00000000d5580000,0x00000000d6600000,0x00000000d6600000)
  from space 1024K, 50% used [0x00000000d6600000,0x00000000d6680000,0x00000000d6700000)
  to   space 1024K, 0% used [0x00000000d6700000,0x00000000d6700000,0x00000000d6800000)
 ParOldGen       total 68608K, used 29869K [0x0000000080000000, 0x0000000084300000, 0x00000000d5580000)
  object space 68608K, 43% used [0x0000000080000000,0x0000000081d2b5d8,0x0000000084300000)
 Metaspace       used 41302K, committed 42432K, reserved 1114112K
  class space    used 4358K, committed 4864K, reserved 1048576K
}
Event: 3.975 GC heap after
{Heap after GC invocations=30 (full 2):
 PSYoungGen      total 17408K, used 960K [0x00000000d5580000, 0x00000000d6900000, 0x0000000100000000)
  eden space 16384K, 0% used [0x00000000d5580000,0x00000000d5580000,0x00000000d6580000)
  from space 1024K, 93% used [0x00000000d6700000,0x00000000d67f0000,0x00000000d6800000)
  to   space 1536K, 0% used [0x00000000d6580000,0x00000000d6580000,0x00000000d6700000)
 ParOldGen       total 68608K, used 30202K [0x0000000080000000, 0x0000000084300000, 0x00000000d5580000)
  object space 68608K, 44% used [0x0000000080000000,0x0000000081d7e930,0x0000000084300000)
 Metaspace       used 41302K, committed 42432K, reserved 1114112K
  class space    used 4358K, committed 4864K, reserved 1048576K
}
Event: 5.081 GC heap before
{Heap before GC invocations=31 (full 2):
 PSYoungGen      total 17408K, used 16620K [0x00000000d5580000, 0x00000000d6900000, 0x0000000100000000)
  eden space 16384K, 95% used [0x00000000d5580000,0x00000000d64cb0f0,0x00000000d6580000)
  from space 1024K, 93% used [0x00000000d6700000,0x00000000d67f0000,0x00000000d6800000)
  to   space 1536K, 0% used [0x00000000d6580000,0x00000000d6580000,0x00000000d6700000)
 ParOldGen       total 68608K, used 30202K [0x0000000080000000, 0x0000000084300000, 0x00000000d5580000)
  object space 68608K, 44% used [0x0000000080000000,0x0000000081d7e930,0x0000000084300000)
 Metaspace       used 41675K, committed 42816K, reserved 1114112K
  class space    used 4407K, committed 4928K, reserved 1048576K
}
Event: 5.082 GC heap after
{Heap after GC invocations=31 (full 2):
 PSYoungGen      total 17920K, used 1133K [0x00000000d5580000, 0x00000000d6880000, 0x0000000100000000)
  eden space 16384K, 0% used [0x00000000d5580000,0x00000000d5580000,0x00000000d6580000)
  from space 1536K, 73% used [0x00000000d6580000,0x00000000d669b510,0x00000000d6700000)
  to   space 1536K, 0% used [0x00000000d6700000,0x00000000d6700000,0x00000000d6880000)
 ParOldGen       total 68608K, used 30943K [0x0000000080000000, 0x0000000084300000, 0x00000000d5580000)
  object space 68608K, 45% used [0x0000000080000000,0x0000000081e37dc8,0x0000000084300000)
 Metaspace       used 41675K, committed 42816K, reserved 1114112K
  class space    used 4407K, committed 4928K, reserved 1048576K
}
Event: 5.131 GC heap before
{Heap before GC invocations=32 (full 2):
 PSYoungGen      total 17920K, used 17517K [0x00000000d5580000, 0x00000000d6880000, 0x0000000100000000)
  eden space 16384K, 100% used [0x00000000d5580000,0x00000000d6580000,0x00000000d6580000)
  from space 1536K, 73% used [0x00000000d6580000,0x00000000d669b510,0x00000000d6700000)
  to   space 1536K, 0% used [0x00000000d6700000,0x00000000d6700000,0x00000000d6880000)
 ParOldGen       total 68608K, used 30943K [0x0000000080000000, 0x0000000084300000, 0x00000000d5580000)
  object space 68608K, 45% used [0x0000000080000000,0x0000000081e37dc8,0x0000000084300000)
 Metaspace       used 41973K, committed 43200K, reserved 1114112K
  class space    used 4444K, committed 4992K, reserved 1048576K
}
Event: 5.132 GC heap after
{Heap after GC invocations=32 (full 2):
 PSYoungGen      total 17920K, used 1197K [0x00000000d5580000, 0x00000000d6880000, 0x0000000100000000)
  eden space 16384K, 0% used [0x00000000d5580000,0x00000000d5580000,0x00000000d6580000)
  from space 1536K, 77% used [0x00000000d6700000,0x00000000d682b510,0x00000000d6880000)
  to   space 1536K, 0% used [0x00000000d6580000,0x00000000d6580000,0x00000000d6700000)
 ParOldGen       total 68608K, used 31143K [0x0000000080000000, 0x0000000084300000, 0x00000000d5580000)
  object space 68608K, 45% used [0x0000000080000000,0x0000000081e69dc8,0x0000000084300000)
 Metaspace       used 41973K, committed 43200K, reserved 1114112K
  class space    used 4444K, committed 4992K, reserved 1048576K
}
Event: 5.275 GC heap before
{Heap before GC invocations=33 (full 2):
 PSYoungGen      total 17920K, used 17581K [0x00000000d5580000, 0x00000000d6880000, 0x0000000100000000)
  eden space 16384K, 100% used [0x00000000d5580000,0x00000000d6580000,0x00000000d6580000)
  from space 1536K, 77% used [0x00000000d6700000,0x00000000d682b510,0x00000000d6880000)
  to   space 1536K, 0% used [0x00000000d6580000,0x00000000d6580000,0x00000000d6700000)
 ParOldGen       total 68608K, used 31143K [0x0000000080000000, 0x0000000084300000, 0x00000000d5580000)
  object space 68608K, 45% used [0x0000000080000000,0x0000000081e69dc8,0x0000000084300000)
 Metaspace       used 43121K, committed 44288K, reserved 1114112K
  class space    used 4583K, committed 5120K, reserved 1048576K
}
Event: 5.276 GC heap after
{Heap after GC invocations=33 (full 2):
 PSYoungGen      total 17408K, used 710K [0x00000000d5580000, 0x00000000d6780000, 0x0000000100000000)
  eden space 16384K, 0% used [0x00000000d5580000,0x00000000d5580000,0x00000000d6580000)
  from space 1024K, 69% used [0x00000000d6580000,0x00000000d6631938,0x00000000d6680000)
  to   space 1024K, 0% used [0x00000000d6680000,0x00000000d6680000,0x00000000d6780000)
 ParOldGen       total 68608K, used 32155K [0x0000000080000000, 0x0000000084300000, 0x00000000d5580000)
  object space 68608K, 46% used [0x0000000080000000,0x0000000081f66fd8,0x0000000084300000)
 Metaspace       used 43121K, committed 44288K, reserved 1114112K
  class space    used 4583K, committed 5120K, reserved 1048576K
}

