# JRE version: OpenJDK Runtime Environment Temurin-21.0.10+7 (21.0.10+7) (build 21.0.10+7-LTS)
# Java VM: OpenJDK 64-Bit Server VM Temurin-21.0.10+7 (21.0.10+7-LTS, mixed mode, sharing, tiered, compressed oops, compressed class ptrs, parallel gc, windows-amd64)
GC Precious Log:
 CardTable entry size: 512
 CPUs: 12 total, 12 available
 Memory: 16106M
 Large Page Support: Disabled
 NUMA Support: Disabled
 Compressed Oops: Enabled (32-bit)
 Alignments: Space 512K, Generation 512K, Heap 2M
 Heap Min Capacity: 100M
 Heap Initial Capacity: 100M
 Heap Max Capacity: 2G
 Pre-touch: Disabled
 Parallel Workers: 10
Heap:
 PSYoungGen      total 12288K, used 9862K [0x00000000d5580000, 0x00000000d6580000, 0x0000000100000000)
  eden space 11264K, 81% used [0x00000000d5580000,0x00000000d5e78d48,0x00000000d6080000)
  from space 1024K, 67% used [0x00000000d6380000,0x00000000d642c250,0x00000000d6480000)
  to   space 1024K, 0% used [0x00000000d6480000,0x00000000d6480000,0x00000000d6580000)
 ParOldGen       total 68608K, used 38410K [0x0000000080000000, 0x0000000084300000, 0x00000000d5580000)
  object space 68608K, 55% used [0x0000000080000000,0x0000000082582a90,0x0000000084300000)
 Metaspace       used 37067K, committed 38144K, reserved 1114112K
  class space    used 3816K, committed 4288K, reserved 1048576K
GC Heap History (20 events):
Event: 3.242 GC heap before
{Heap before GC invocations=26 (full 1):
 PSYoungGen      total 11776K, used 11552K [0x00000000d5580000, 0x00000000d6600000, 0x0000000100000000)
  eden space 11264K, 100% used [0x00000000d5580000,0x00000000d6080000,0x00000000d6080000)
  from space 512K, 56% used [0x00000000d6580000,0x00000000d65c8000,0x00000000d6600000)
  to   space 512K, 0% used [0x00000000d6500000,0x00000000d6500000,0x00000000d6580000)
 ParOldGen       total 68608K, used 37383K [0x0000000080000000, 0x0000000084300000, 0x00000000d5580000)
  object space 68608K, 54% used [0x0000000080000000,0x0000000082481c70,0x0000000084300000)
 Metaspace       used 31692K, committed 32640K, reserved 1114112K
  class space    used 3116K, committed 3520K, reserved 1048576K
}
Event: 3.243 GC heap after
{Heap after GC invocations=26 (full 1):
 PSYoungGen      total 11776K, used 288K [0x00000000d5580000, 0x00000000d6600000, 0x0000000100000000)
  eden space 11264K, 0% used [0x00000000d5580000,0x00000000d5580000,0x00000000d6080000)
  from space 512K, 56% used [0x00000000d6500000,0x00000000d6548000,0x00000000d6580000)
  to   space 512K, 0% used [0x00000000d6580000,0x00000000d6580000,0x00000000d6600000)
 ParOldGen       total 68608K, used 37439K [0x0000000080000000, 0x0000000084300000, 0x00000000d5580000)
  object space 68608K, 54% used [0x0000000080000000,0x000000008248fc70,0x0000000084300000)
 Metaspace       used 31692K, committed 32640K, reserved 1114112K
  class space    used 3116K, committed 3520K, reserved 1048576K
}
Event: 3.255 GC heap before
{Heap before GC invocations=27 (full 1):
 PSYoungGen      total 11776K, used 11552K [0x00000000d5580000, 0x00000000d6600000, 0x0000000100000000)
  eden space 11264K, 100% used [0x00000000d5580000,0x00000000d6080000,0x00000000d6080000)
  from space 512K, 56% used [0x00000000d6500000,0x00000000d6548000,0x00000000d6580000)
  to   space 512K, 0% used [0x00000000d6580000,0x00000000d6580000,0x00000000d6600000)
 ParOldGen       total 68608K, used 37439K [0x0000000080000000, 0x0000000084300000, 0x00000000d5580000)
  object space 68608K, 54% used [0x0000000080000000,0x000000008248fc70,0x0000000084300000)
 Metaspace       used 31819K, committed 32768K, reserved 1114112K
  class space    used 3127K, committed 3520K, reserved 1048576K
}
Event: 3.256 GC heap after
{Heap after GC invocations=27 (full 1):
 PSYoungGen      total 11776K, used 416K [0x00000000d5580000, 0x00000000d6600000, 0x0000000100000000)
  eden space 11264K, 0% used [0x00000000d5580000,0x00000000d5580000,0x00000000d6080000)
  from space 512K, 81% used [0x00000000d6580000,0x00000000d65e8000,0x00000000d6600000)
  to   space 512K, 0% used [0x00000000d6500000,0x00000000d6500000,0x00000000d6580000)
 ParOldGen       total 68608K, used 37519K [0x0000000080000000, 0x0000000084300000, 0x00000000d5580000)
  object space 68608K, 54% used [0x0000000080000000,0x00000000824a3c70,0x0000000084300000)
 Metaspace       used 31819K, committed 32768K, reserved 1114112K
  class space    used 3127K, committed 3520K, reserved 1048576K
}
Event: 3.298 GC heap before
{Heap before GC invocations=28 (full 1):
 PSYoungGen      total 11776K, used 11680K [0x00000000d5580000, 0x00000000d6600000, 0x0000000100000000)
  eden space 11264K, 100% used [0x00000000d5580000,0x00000000d6080000,0x00000000d6080000)
  from space 512K, 81% used [0x00000000d6580000,0x00000000d65e8000,0x00000000d6600000)
  to   space 512K, 0% used [0x00000000d6500000,0x00000000d6500000,0x00000000d6580000)
 ParOldGen       total 68608K, used 37519K [0x0000000080000000, 0x0000000084300000, 0x00000000d5580000)
  object space 68608K, 54% used [0x0000000080000000,0x00000000824a3c70,0x0000000084300000)
 Metaspace       used 32634K, committed 33728K, reserved 1114112K
  class space    used 3230K, committed 3712K, reserved 1048576K
}
Event: 3.299 GC heap after
{Heap after GC invocations=28 (full 1):
 PSYoungGen      total 11776K, used 512K [0x00000000d5580000, 0x00000000d6600000, 0x0000000100000000)
  eden space 11264K, 0% used [0x00000000d5580000,0x00000000d5580000,0x00000000d6080000)
  from space 512K, 100% used [0x00000000d6500000,0x00000000d6580000,0x00000000d6580000)
  to   space 512K, 0% used [0x00000000d6580000,0x00000000d6580000,0x00000000d6600000)
 ParOldGen       total 68608K, used 38383K [0x0000000080000000, 0x0000000084300000, 0x00000000d5580000)
  object space 68608K, 55% used [0x0000000080000000,0x000000008257bc70,0x0000000084300000)
 Metaspace       used 32634K, committed 33728K, reserved 1114112K
  class space    used 3230K, committed 3712K, reserved 1048576K
}
Event: 3.366 GC heap before
{Heap before GC invocations=29 (full 1):
 PSYoungGen      total 11776K, used 11776K [0x00000000d5580000, 0x00000000d6600000, 0x0000000100000000)
  eden space 11264K, 100% used [0x00000000d5580000,0x00000000d6080000,0x00000000d6080000)
  from space 512K, 100% used [0x00000000d6500000,0x00000000d6580000,0x00000000d6580000)
  to   space 512K, 0% used [0x00000000d6580000,0x00000000d6580000,0x00000000d6600000)
 ParOldGen       total 68608K, used 38383K [0x0000000080000000, 0x0000000084300000, 0x00000000d5580000)
  object space 68608K, 55% used [0x0000000080000000,0x000000008257bc70,0x0000000084300000)
 Metaspace       used 33445K, committed 34560K, reserved 1114112K
  class space    used 3345K, committed 3840K, reserved 1048576K
}
Event: 3.367 GC heap after
{Heap after GC invocations=29 (full 1):
 PSYoungGen      total 11776K, used 480K [0x00000000d5580000, 0x00000000d6600000, 0x0000000100000000)
  eden space 11264K, 0% used [0x00000000d5580000,0x00000000d5580000,0x00000000d6080000)
  from space 512K, 93% used [0x00000000d6580000,0x00000000d65f8000,0x00000000d6600000)
  to   space 1024K, 0% used [0x00000000d6400000,0x00000000d6400000,0x00000000d6500000)
 ParOldGen       total 68608K, used 38900K [0x0000000080000000, 0x0000000084300000, 0x00000000d5580000)
  object space 68608K, 56% used [0x0000000080000000,0x00000000825fd250,0x0000000084300000)
 Metaspace       used 33445K, committed 34560K, reserved 1114112K
  class space    used 3345K, committed 3840K, reserved 1048576K
}
Event: 3.416 GC heap before
{Heap before GC invocations=30 (full 1):
 PSYoungGen      total 11776K, used 11744K [0x00000000d5580000, 0x00000000d6600000, 0x0000000100000000)
  eden space 11264K, 100% used [0x00000000d5580000,0x00000000d6080000,0x00000000d6080000)
  from space 512K, 93% used [0x00000000d6580000,0x00000000d65f8000,0x00000000d6600000)
  to   space 1024K, 0% used [0x00000000d6400000,0x00000000d6400000,0x00000000d6500000)
 ParOldGen       total 68608K, used 38900K [0x0000000080000000, 0x0000000084300000, 0x00000000d5580000)
  object space 68608K, 56% used [0x0000000080000000,0x00000000825fd250,0x0000000084300000)
 Metaspace       used 34192K, committed 35328K, reserved 1114112K
  class space    used 3429K, committed 3904K, reserved 1048576K
}
Event: 3.416 GC heap after
{Heap after GC invocations=30 (full 1):
 PSYoungGen      total 12288K, used 881K [0x00000000d5580000, 0x00000000d6600000, 0x0000000100000000)
  eden space 11264K, 0% used [0x00000000d5580000,0x00000000d5580000,0x00000000d6080000)
  from space 1024K, 86% used [0x00000000d6400000,0x00000000d64dc400,0x00000000d6500000)
  to   space 1024K, 0% used [0x00000000d6500000,0x00000000d6500000,0x00000000d6600000)
 ParOldGen       total 68608K, used 39202K [0x0000000080000000, 0x0000000084300000, 0x00000000d5580000)
  object space 68608K, 57% used [0x0000000080000000,0x0000000082648ba0,0x0000000084300000)
 Metaspace       used 34192K, committed 35328K, reserved 1114112K
  class space    used 3429K, committed 3904K, reserved 1048576K
}
Event: 3.457 GC heap before
{Heap before GC invocations=31 (full 1):
 PSYoungGen      total 12288K, used 12145K [0x00000000d5580000, 0x00000000d6600000, 0x0000000100000000)
  eden space 11264K, 100% used [0x00000000d5580000,0x00000000d6080000,0x00000000d6080000)
  from space 1024K, 86% used [0x00000000d6400000,0x00000000d64dc400,0x00000000d6500000)
  to   space 1024K, 0% used [0x00000000d6500000,0x00000000d6500000,0x00000000d6600000)
 ParOldGen       total 68608K, used 39202K [0x0000000080000000, 0x0000000084300000, 0x00000000d5580000)
  object space 68608K, 57% used [0x0000000080000000,0x0000000082648ba0,0x0000000084300000)
 Metaspace       used 34666K, committed 35776K, reserved 1114112K
  class space    used 3503K, committed 4032K, reserved 1048576K
}
Event: 3.457 GC heap after
{Heap after GC invocations=31 (full 1):
 PSYoungGen      total 11776K, used 512K [0x00000000d5580000, 0x00000000d6580000, 0x0000000100000000)
  eden space 11264K, 0% used [0x00000000d5580000,0x00000000d5580000,0x00000000d6080000)
  from space 512K, 100% used [0x00000000d6500000,0x00000000d6580000,0x00000000d6580000)
  to   space 1024K, 0% used [0x00000000d6380000,0x00000000d6380000,0x00000000d6480000)
 ParOldGen       total 68608K, used 39931K [0x0000000080000000, 0x0000000084300000, 0x00000000d5580000)
  object space 68608K, 58% used [0x0000000080000000,0x00000000826fefb0,0x0000000084300000)
 Metaspace       used 34666K, committed 35776K, reserved 1114112K
  class space    used 3503K, committed 4032K, reserved 1048576K
}
Event: 4.463 GC heap before
{Heap before GC invocations=32 (full 1):
 PSYoungGen      total 11776K, used 2255K [0x00000000d5580000, 0x00000000d6580000, 0x0000000100000000)
  eden space 11264K, 15% used [0x00000000d5580000,0x00000000d5733cb0,0x00000000d6080000)
  from space 512K, 100% used [0x00000000d6500000,0x00000000d6580000,0x00000000d6580000)
  to   space 1024K, 0% used [0x00000000d6380000,0x00000000d6380000,0x00000000d6480000)
 ParOldGen       total 68608K, used 39931K [0x0000000080000000, 0x0000000084300000, 0x00000000d5580000)
  object space 68608K, 58% used [0x0000000080000000,0x00000000826fefb0,0x0000000084300000)
 Metaspace       used 34744K, committed 35840K, reserved 1114112K
  class space    used 3517K, committed 4032K, reserved 1048576K
}
Event: 4.463 GC heap after
{Heap after GC invocations=32 (full 1):
 PSYoungGen      total 12288K, used 288K [0x00000000d5580000, 0x00000000d6580000, 0x0000000100000000)
  eden space 11264K, 0% used [0x00000000d5580000,0x00000000d5580000,0x00000000d6080000)
  from space 1024K, 28% used [0x00000000d6380000,0x00000000d63c8000,0x00000000d6480000)
  to   space 512K, 0% used [0x00000000d6500000,0x00000000d6500000,0x00000000d6580000)
 ParOldGen       total 68608K, used 40259K [0x0000000080000000, 0x0000000084300000, 0x00000000d5580000)
  object space 68608K, 58% used [0x0000000080000000,0x0000000082750fb0,0x0000000084300000)
 Metaspace       used 34744K, committed 35840K, reserved 1114112K
  class space    used 3517K, committed 4032K, reserved 1048576K
}
Event: 4.463 GC heap before
{Heap before GC invocations=33 (full 2):
 PSYoungGen      total 12288K, used 288K [0x00000000d5580000, 0x00000000d6580000, 0x0000000100000000)
  eden space 11264K, 0% used [0x00000000d5580000,0x00000000d5580000,0x00000000d6080000)
  from space 1024K, 28% used [0x00000000d6380000,0x00000000d63c8000,0x00000000d6480000)
  to   space 512K, 0% used [0x00000000d6500000,0x00000000d6500000,0x00000000d6580000)
 ParOldGen       total 68608K, used 40259K [0x0000000080000000, 0x0000000084300000, 0x00000000d5580000)
  object space 68608K, 58% used [0x0000000080000000,0x0000000082750fb0,0x0000000084300000)
 Metaspace       used 34744K, committed 35840K, reserved 1114112K
  class space    used 3517K, committed 4032K, reserved 1048576K
}
Event: 4.493 GC heap after
{Heap after GC invocations=33 (full 2):
 PSYoungGen      total 12288K, used 0K [0x00000000d5580000, 0x00000000d6580000, 0x0000000100000000)
  eden space 11264K, 0% used [0x00000000d5580000,0x00000000d5580000,0x00000000d6080000)
  from space 1024K, 0% used [0x00000000d6380000,0x00000000d6380000,0x00000000d6480000)
  to   space 512K, 0% used [0x00000000d6500000,0x00000000d6500000,0x00000000d6580000)
 ParOldGen       total 68608K, used 37874K [0x0000000080000000, 0x0000000084300000, 0x00000000d5580000)
  object space 68608K, 55% used [0x0000000080000000,0x00000000824fca70,0x0000000084300000)
 Metaspace       used 34744K, committed 35840K, reserved 1114112K
  class space    used 3517K, committed 4032K, reserved 1048576K
}
Event: 4.538 GC heap before
{Heap before GC invocations=34 (full 2):
 PSYoungGen      total 12288K, used 11264K [0x00000000d5580000, 0x00000000d6580000, 0x0000000100000000)
  eden space 11264K, 100% used [0x00000000d5580000,0x00000000d6080000,0x00000000d6080000)
  from space 1024K, 0% used [0x00000000d6380000,0x00000000d6380000,0x00000000d6480000)
  to   space 512K, 0% used [0x00000000d6500000,0x00000000d6500000,0x00000000d6580000)
 ParOldGen       total 68608K, used 37874K [0x0000000080000000, 0x0000000084300000, 0x00000000d5580000)
  object space 68608K, 55% used [0x0000000080000000,0x00000000824fca70,0x0000000084300000)
 Metaspace       used 35460K, committed 36544K, reserved 1114112K
  class space    used 3609K, committed 4096K, reserved 1048576K
}
Event: 4.540 GC heap after
{Heap after GC invocations=34 (full 2):
 PSYoungGen      total 11776K, used 512K [0x00000000d5580000, 0x00000000d6580000, 0x0000000100000000)
  eden space 11264K, 0% used [0x00000000d5580000,0x00000000d5580000,0x00000000d6080000)
  from space 512K, 100% used [0x00000000d6500000,0x00000000d6580000,0x00000000d6580000)
  to   space 1024K, 0% used [0x00000000d6380000,0x00000000d6380000,0x00000000d6480000)
 ParOldGen       total 68608K, used 37938K [0x0000000080000000, 0x0000000084300000, 0x00000000d5580000)
  object space 68608K, 55% used [0x0000000080000000,0x000000008250ca70,0x0000000084300000)
 Metaspace       used 35460K, committed 36544K, reserved 1114112K
  class space    used 3609K, committed 4096K, reserved 1048576K
}
Event: 4.593 GC heap before
{Heap before GC invocations=35 (full 2):
 PSYoungGen      total 11776K, used 11776K [0x00000000d5580000, 0x00000000d6580000, 0x0000000100000000)
  eden space 11264K, 100% used [0x00000000d5580000,0x00000000d6080000,0x00000000d6080000)
  from space 512K, 100% used [0x00000000d6500000,0x00000000d6580000,0x00000000d6580000)
  to   space 1024K, 0% used [0x00000000d6380000,0x00000000d6380000,0x00000000d6480000)
 ParOldGen       total 68608K, used 37962K [0x0000000080000000, 0x0000000084300000, 0x00000000d5580000)
  object space 68608K, 55% used [0x0000000080000000,0x0000000082512a90,0x0000000084300000)
 Metaspace       used 36232K, committed 37312K, reserved 1114112K
  class space    used 3696K, committed 4160K, reserved 1048576K
}
Event: 4.594 GC heap after
{Heap after GC invocations=35 (full 2):
 PSYoungGen      total 12288K, used 688K [0x00000000d5580000, 0x00000000d6580000, 0x0000000100000000)
  eden space 11264K, 0% used [0x00000000d5580000,0x00000000d5580000,0x00000000d6080000)
  from space 1024K, 67% used [0x00000000d6380000,0x00000000d642c250,0x00000000d6480000)
  to   space 1024K, 0% used [0x00000000d6480000,0x00000000d6480000,0x00000000d6580000)
 ParOldGen       total 68608K, used 38410K [0x0000000080000000, 0x0000000084300000, 0x00000000d5580000)
  object space 68608K, 55% used [0x0000000080000000,0x0000000082582a90,0x0000000084300000)
 Metaspace       used 36232K, committed 37312K, reserved 1114112K
  class space    used 3696K, committed 4160K, reserved 1048576K
}

